nov. 28, 2018 8:20:23 PM ui.UILog log
INFOS: File 2018_11_28.log is created!

nov. 28, 2018 8:20:23 PM ui.UILog log
INFOS: Daily output print directory [.\print\2018_11_28] created !
open_sheet sub directory [.\print\2018_11_28\open_sheet] created !
Print sub directory [.\print\2018_11_28\closing_sheet] created !
Print sub directory [.\print\2018_11_28\picking_label] created !
Print sub directory [.\print\2018_11_28\dispatch_label] created !

nov. 28, 2018 8:40:17 PM ui.UILog log
INFOS: APP_INFO0003 : User operateur El jabri / 1 connected to host Oussama-PC at 2018-11-28 20:40:17 Module : Configuration : .
nov. 28, 2018 9:24:24 PM ui.UILog log
INFOS: File 2018_11_28.log already exists.

nov. 28, 2018 9:24:24 PM ui.UILog log
INFOS: Daily output print directory [.\print\2018_11_28] already exist!
open_sheet sub directory [.\print\2018_11_28\open_sheet] already exist!
Print sub directory [.\print\2018_11_28\closing_sheet] already exist!
Print sub directory [.\print\2018_11_28\picking_label] already exist!
Print sub directory [.\print\2018_11_28\dispatch_label] already exist!

nov. 28, 2018 9:24:38 PM ui.UILog log
GRAVE: APP_ERR0040 CONFIG : You don't have enaugh access rights to this section.
Contact your admin for support.
nov. 28, 2018 9:26:06 PM ui.UILog log
INFOS: File 2018_11_28.log already exists.

nov. 28, 2018 9:26:06 PM ui.UILog log
INFOS: Daily output print directory [.\print\2018_11_28] already exist!
open_sheet sub directory [.\print\2018_11_28\open_sheet] already exist!
Print sub directory [.\print\2018_11_28\closing_sheet] already exist!
Print sub directory [.\print\2018_11_28\picking_label] already exist!
Print sub directory [.\print\2018_11_28\dispatch_label] already exist!

nov. 28, 2018 9:26:39 PM ui.UILog log
INFOS: File 2018_11_28.log already exists.

nov. 28, 2018 9:26:39 PM ui.UILog log
INFOS: Daily output print directory [.\print\2018_11_28] already exist!
open_sheet sub directory [.\print\2018_11_28\open_sheet] already exist!
Print sub directory [.\print\2018_11_28\closing_sheet] already exist!
Print sub directory [.\print\2018_11_28\picking_label] already exist!
Print sub directory [.\print\2018_11_28\dispatch_label] already exist!

nov. 28, 2018 9:26:44 PM ui.UILog log
GRAVE: APP_ERR0040 CONFIG : You don't have enaugh access rights to this section.
Contact your admin for support.
nov. 28, 2018 9:28:01 PM ui.UILog log
INFOS: File 2018_11_28.log already exists.

nov. 28, 2018 9:28:01 PM ui.UILog log
INFOS: Daily output print directory [.\print\2018_11_28] already exist!
open_sheet sub directory [.\print\2018_11_28\open_sheet] already exist!
Print sub directory [.\print\2018_11_28\closing_sheet] already exist!
Print sub directory [.\print\2018_11_28\picking_label] already exist!
Print sub directory [.\print\2018_11_28\dispatch_label] already exist!

nov. 28, 2018 9:28:08 PM ui.UILog log
GRAVE: APP_ERR0040 CONFIG : You don't have enaugh access rights to this section.
Contact your admin for support.
nov. 28, 2018 9:30:35 PM ui.UILog log
INFOS: File 2018_11_28.log already exists.

nov. 28, 2018 9:30:35 PM ui.UILog log
INFOS: Daily output print directory [.\print\2018_11_28] already exist!
open_sheet sub directory [.\print\2018_11_28\open_sheet] already exist!
Print sub directory [.\print\2018_11_28\closing_sheet] already exist!
Print sub directory [.\print\2018_11_28\picking_label] already exist!
Print sub directory [.\print\2018_11_28\dispatch_label] already exist!

nov. 28, 2018 9:30:50 PM ui.UILog log
GRAVE: APP_ERR0040 CONFIG : You don't have enaugh access rights to this section.
Contact your admin for support.
nov. 28, 2018 9:33:48 PM ui.UILog log
INFOS: File 2018_11_28.log already exists.

nov. 28, 2018 9:33:48 PM ui.UILog log
INFOS: Daily output print directory [.\print\2018_11_28] already exist!
open_sheet sub directory [.\print\2018_11_28\open_sheet] already exist!
Print sub directory [.\print\2018_11_28\closing_sheet] already exist!
Print sub directory [.\print\2018_11_28\picking_label] already exist!
Print sub directory [.\print\2018_11_28\dispatch_label] already exist!

nov. 28, 2018 9:35:16 PM ui.UILog log
INFOS: File 2018_11_28.log already exists.

nov. 28, 2018 9:35:16 PM ui.UILog log
INFOS: Daily output print directory [.\print\2018_11_28] already exist!
open_sheet sub directory [.\print\2018_11_28\open_sheet] already exist!
Print sub directory [.\print\2018_11_28\closing_sheet] already exist!
Print sub directory [.\print\2018_11_28\picking_label] already exist!
Print sub directory [.\print\2018_11_28\dispatch_label] already exist!

nov. 28, 2018 9:36:09 PM ui.UILog log
INFOS: File 2018_11_28.log already exists.

nov. 28, 2018 9:36:09 PM ui.UILog log
INFOS: Daily output print directory [.\print\2018_11_28] already exist!
open_sheet sub directory [.\print\2018_11_28\open_sheet] already exist!
Print sub directory [.\print\2018_11_28\closing_sheet] already exist!
Print sub directory [.\print\2018_11_28\picking_label] already exist!
Print sub directory [.\print\2018_11_28\dispatch_label] already exist!

nov. 28, 2018 9:36:16 PM ui.UILog log
GRAVE: APP_ERR0040 CONFIG : You don't have enaugh access rights to this section.
Contact your admin for support.
nov. 28, 2018 9:39:07 PM ui.UILog log
INFOS: File 2018_11_28.log already exists.

nov. 28, 2018 9:39:07 PM ui.UILog log
INFOS: Daily output print directory [.\print\2018_11_28] already exist!
open_sheet sub directory [.\print\2018_11_28\open_sheet] already exist!
Print sub directory [.\print\2018_11_28\closing_sheet] already exist!
Print sub directory [.\print\2018_11_28\picking_label] already exist!
Print sub directory [.\print\2018_11_28\dispatch_label] already exist!

nov. 28, 2018 9:53:36 PM ui.UILog log
GRAVE: APP_ERR0040 CONFIG : You don't have enaugh access rights to this section.
Contact your admin for support.
nov. 28, 2018 9:53:51 PM ui.UILog log
GRAVE: APP_ERR0040 CONFIG : You don't have enaugh access rights to this section.
Contact your admin for support.
nov. 28, 2018 9:54:53 PM ui.UILog log
INFOS: File 2018_11_28.log already exists.

nov. 28, 2018 9:54:53 PM ui.UILog log
INFOS: Daily output print directory [.\print\2018_11_28] already exist!
open_sheet sub directory [.\print\2018_11_28\open_sheet] already exist!
Print sub directory [.\print\2018_11_28\closing_sheet] already exist!
Print sub directory [.\print\2018_11_28\picking_label] already exist!
Print sub directory [.\print\2018_11_28\dispatch_label] already exist!

nov. 28, 2018 9:54:58 PM ui.UILog log
GRAVE: APP_ERR0040 CONFIG : You don't have enaugh access rights to this section.
Contact your admin for support.
nov. 28, 2018 9:55:00 PM ui.UILog log
GRAVE: APP_ERR0039 CONFIG : Invalid login/password.
nov. 28, 2018 9:55:10 PM ui.UILog log
GRAVE: APP_ERR0039 CONFIG : Invalid login/password.
nov. 28, 2018 9:55:37 PM ui.UILog log
INFOS: File 2018_11_28.log already exists.

nov. 28, 2018 9:55:37 PM ui.UILog log
INFOS: Daily output print directory [.\print\2018_11_28] already exist!
open_sheet sub directory [.\print\2018_11_28\open_sheet] already exist!
Print sub directory [.\print\2018_11_28\closing_sheet] already exist!
Print sub directory [.\print\2018_11_28\picking_label] already exist!
Print sub directory [.\print\2018_11_28\dispatch_label] already exist!

nov. 28, 2018 9:55:58 PM ui.UILog log
INFOS: APP_INFO0003 : User OUSSAMA EZZIOURI / 9 connected to host Oussama-PC at 2018-11-28 21:55:58 Module : Configuration : .
nov. 28, 2018 9:56:43 PM ui.UILog log
INFOS: File 2018_11_28.log already exists.

nov. 28, 2018 9:56:43 PM ui.UILog log
INFOS: Daily output print directory [.\print\2018_11_28] already exist!
open_sheet sub directory [.\print\2018_11_28\open_sheet] already exist!
Print sub directory [.\print\2018_11_28\closing_sheet] already exist!
Print sub directory [.\print\2018_11_28\picking_label] already exist!
Print sub directory [.\print\2018_11_28\dispatch_label] already exist!

nov. 28, 2018 9:56:53 PM ui.UILog log
INFOS: APP_INFO0003 : User OUSSAMA EZZIOURI / 9 connected to host Oussama-PC at 2018-11-28 21:56:53 Module : Configuration : .
nov. 28, 2018 10:05:46 PM ui.UILog log
INFOS: File 2018_11_28.log already exists.

nov. 28, 2018 10:05:46 PM ui.UILog log
INFOS: Daily output print directory [.\print\2018_11_28] already exist!
open_sheet sub directory [.\print\2018_11_28\open_sheet] already exist!
Print sub directory [.\print\2018_11_28\closing_sheet] already exist!
Print sub directory [.\print\2018_11_28\picking_label] already exist!
Print sub directory [.\print\2018_11_28\dispatch_label] already exist!

nov. 28, 2018 10:05:51 PM ui.UILog log
INFOS: APP_INFO0003 : User OUSSAMA EZZIOURI / 9 connected to host Oussama-PC at 2018-11-28 22:05:51 Module : Configuration : .
nov. 28, 2018 10:08:28 PM ui.UILog log
INFOS: APP_INFO0003 : User OUSSAMA EZZIOURI / 9 connected to host Oussama-PC at 2018-11-28 22:08:28 Dispatch interface : .
nov. 28, 2018 10:08:59 PM ui.UILog log
INFOS: File 2018_11_28.log already exists.

nov. 28, 2018 10:08:59 PM ui.UILog log
INFOS: Daily output print directory [.\print\2018_11_28] already exist!
open_sheet sub directory [.\print\2018_11_28\open_sheet] already exist!
Print sub directory [.\print\2018_11_28\closing_sheet] already exist!
Print sub directory [.\print\2018_11_28\picking_label] already exist!
Print sub directory [.\print\2018_11_28\dispatch_label] already exist!

nov. 28, 2018 10:09:03 PM ui.UILog log
INFOS: APP_INFO0003 : User EZZIOURI Oussama / p connected to host Oussama-PC at 2018-11-28 22:09:03 Module : Configuration : .
nov. 28, 2018 10:16:11 PM ui.UILog log
INFOS: File 2018_11_28.log already exists.

nov. 28, 2018 10:16:11 PM ui.UILog log
INFOS: Daily output print directory [.\print\2018_11_28] already exist!
open_sheet sub directory [.\print\2018_11_28\open_sheet] already exist!
Print sub directory [.\print\2018_11_28\closing_sheet] already exist!
Print sub directory [.\print\2018_11_28\picking_label] already exist!
Print sub directory [.\print\2018_11_28\dispatch_label] already exist!

nov. 28, 2018 10:16:16 PM ui.UILog log
INFOS: APP_INFO0003 : User OUSSAMA EZZIOURI / 9 connected to host Oussama-PC at 2018-11-28 22:16:16 Module : Configuration : .
nov. 28, 2018 10:18:39 PM ui.UILog log
INFOS: APP_INFO0003 : User OUSSAMA EZZIOURI / 9 connected to host Oussama-PC at 2018-11-28 22:18:39 Dispatch interface : .
nov. 28, 2018 10:19:05 PM ui.UILog log
INFOS: APP_INFO0003 : User OUSSAMA EZZIOURI / 9 connected to host Oussama-PC at 2018-11-28 22:19:05 Dispatch interface : .
nov. 28, 2018 10:22:44 PM ui.UILog log
INFOS: File 2018_11_28.log already exists.

nov. 28, 2018 10:22:44 PM ui.UILog log
INFOS: Daily output print directory [.\print\2018_11_28] already exist!
open_sheet sub directory [.\print\2018_11_28\open_sheet] already exist!
Print sub directory [.\print\2018_11_28\closing_sheet] already exist!
Print sub directory [.\print\2018_11_28\picking_label] already exist!
Print sub directory [.\print\2018_11_28\dispatch_label] already exist!

nov. 28, 2018 10:22:49 PM ui.UILog log
INFOS: APP_INFO0003 : User OUSSAMA EZZIOURI / 9 connected to host Oussama-PC at 2018-11-28 22:22:49 Module : Configuration : .
nov. 28, 2018 10:22:51 PM ui.UILog log
INFOS: APP_INFO0003 : User OUSSAMA EZZIOURI / 9 connected to host Oussama-PC at 2018-11-28 22:22:51 Dispatch interface : .
