nov. 15, 2018 8:03:19 PM ui.UILog log
INFOS: File 2018_11_15.log is created!

nov. 15, 2018 8:03:19 PM ui.UILog log
INFOS: Daily output print directory [.\print\2018_11_15] created !
open_sheet sub directory [.\print\2018_11_15\open_sheet] created !
Print sub directory [.\print\2018_11_15\closing_sheet] created !
Print sub directory [.\print\2018_11_15\picking_label] created !
Print sub directory [.\print\2018_11_15\dispatch_label] created !

nov. 15, 2018 8:04:11 PM ui.UILog log
INFOS: APP_INFO0003 : User EZZIOURI Oussama / p connected to host Oussama-PC at 2018-11-15 20:04:11 Dispatch interface : .
nov. 15, 2018 8:06:40 PM ui.UILog log
INFOS: APP_INFO0003 : User EZZIOURI Oussama / p connected to host Oussama-PC at 2018-11-15 20:06:40 Dispatch interface : .
nov. 15, 2018 8:09:04 PM ui.UILog log
INFOS: File 2018_11_15.log already exists.

nov. 15, 2018 8:09:04 PM ui.UILog log
INFOS: Daily output print directory [.\print\2018_11_15] already exist!
open_sheet sub directory [.\print\2018_11_15\open_sheet] already exist!
Print sub directory [.\print\2018_11_15\closing_sheet] already exist!
Print sub directory [.\print\2018_11_15\picking_label] already exist!
Print sub directory [.\print\2018_11_15\dispatch_label] already exist!

nov. 15, 2018 8:09:07 PM ui.UILog log
INFOS: APP_INFO0003 : User EZZIOURI Oussama / p connected to host Oussama-PC at 2018-11-15 20:09:07 Dispatch interface : .
nov. 15, 2018 8:09:12 PM ui.UILog log
INFOS: APP_INFO0003 : User EZZIOURI Oussama / p connected to host Oussama-PC at 2018-11-15 20:09:12 Dispatch interface : .
nov. 15, 2018 8:10:08 PM ui.UILog log
INFOS: File 2018_11_15.log already exists.

nov. 15, 2018 8:10:08 PM ui.UILog log
INFOS: Daily output print directory [.\print\2018_11_15] already exist!
open_sheet sub directory [.\print\2018_11_15\open_sheet] already exist!
Print sub directory [.\print\2018_11_15\closing_sheet] already exist!
Print sub directory [.\print\2018_11_15\picking_label] already exist!
Print sub directory [.\print\2018_11_15\dispatch_label] already exist!

nov. 15, 2018 8:10:10 PM ui.UILog log
INFOS: APP_INFO0003 : User EZZIOURI Oussama / p connected to host Oussama-PC at 2018-11-15 20:10:10 Dispatch interface : .
nov. 15, 2018 8:14:30 PM ui.UILog log
INFOS: File 2018_11_15.log already exists.

nov. 15, 2018 8:14:30 PM ui.UILog log
INFOS: Daily output print directory [.\print\2018_11_15] already exist!
open_sheet sub directory [.\print\2018_11_15\open_sheet] already exist!
Print sub directory [.\print\2018_11_15\closing_sheet] already exist!
Print sub directory [.\print\2018_11_15\picking_label] already exist!
Print sub directory [.\print\2018_11_15\dispatch_label] already exist!

nov. 15, 2018 8:14:43 PM ui.UILog log
INFOS: APP_INFO0003 : User EZZIOURI Oussama / p connected to host Oussama-PC at 2018-11-15 20:14:43 Dispatch interface : .
nov. 15, 2018 8:15:34 PM ui.UILog log
INFOS: File 2018_11_15.log already exists.

nov. 15, 2018 8:15:34 PM ui.UILog log
INFOS: Daily output print directory [.\print\2018_11_15] already exist!
open_sheet sub directory [.\print\2018_11_15\open_sheet] already exist!
Print sub directory [.\print\2018_11_15\closing_sheet] already exist!
Print sub directory [.\print\2018_11_15\picking_label] already exist!
Print sub directory [.\print\2018_11_15\dispatch_label] already exist!

nov. 15, 2018 8:15:36 PM ui.UILog log
INFOS: APP_INFO0003 : User EZZIOURI Oussama / p connected to host Oussama-PC at 2018-11-15 20:15:36 Dispatch interface : .
nov. 15, 2018 8:16:38 PM ui.UILog log
INFOS: File 2018_11_15.log already exists.

nov. 15, 2018 8:16:38 PM ui.UILog log
INFOS: Daily output print directory [.\print\2018_11_15] already exist!
open_sheet sub directory [.\print\2018_11_15\open_sheet] already exist!
Print sub directory [.\print\2018_11_15\closing_sheet] already exist!
Print sub directory [.\print\2018_11_15\picking_label] already exist!
Print sub directory [.\print\2018_11_15\dispatch_label] already exist!

nov. 15, 2018 8:16:41 PM ui.UILog log
INFOS: APP_INFO0003 : User EZZIOURI Oussama / p connected to host Oussama-PC at 2018-11-15 20:16:41 Dispatch interface : .
nov. 15, 2018 8:18:23 PM ui.UILog log
INFOS: File 2018_11_15.log already exists.

nov. 15, 2018 8:18:23 PM ui.UILog log
INFOS: Daily output print directory [.\print\2018_11_15] already exist!
open_sheet sub directory [.\print\2018_11_15\open_sheet] already exist!
Print sub directory [.\print\2018_11_15\closing_sheet] already exist!
Print sub directory [.\print\2018_11_15\picking_label] already exist!
Print sub directory [.\print\2018_11_15\dispatch_label] already exist!

nov. 15, 2018 8:18:26 PM ui.UILog log
INFOS: APP_INFO0003 : User EZZIOURI Oussama / p connected to host Oussama-PC at 2018-11-15 20:18:26 Dispatch interface : .
nov. 15, 2018 8:19:52 PM ui.UILog log
INFOS: File 2018_11_15.log already exists.

nov. 15, 2018 8:19:52 PM ui.UILog log
INFOS: Daily output print directory [.\print\2018_11_15] already exist!
open_sheet sub directory [.\print\2018_11_15\open_sheet] already exist!
Print sub directory [.\print\2018_11_15\closing_sheet] already exist!
Print sub directory [.\print\2018_11_15\picking_label] already exist!
Print sub directory [.\print\2018_11_15\dispatch_label] already exist!

nov. 15, 2018 8:19:58 PM ui.UILog log
INFOS: APP_INFO0003 : User EZZIOURI Oussama / p connected to host Oussama-PC at 2018-11-15 20:19:58 Dispatch interface : .
nov. 15, 2018 8:20:12 PM ui.UILog log
INFOS: APP_INFO0003 : User EZZIOURI Oussama / p connected to host Oussama-PC at 2018-11-15 20:20:12 Dispatch interface : .
nov. 15, 2018 8:22:33 PM ui.UILog log
INFOS: FROM ConfigBarcode cb WHERE cb.keyWord = :keyWord ORDER BY id ASC
nov. 15, 2018 8:22:33 PM ui.UILog log
INFOS: FROM ConfigBarcode cb WHERE cb.keyWord = :keyWord ORDER BY id ASC
nov. 15, 2018 8:23:06 PM ui.UILog log
INFOS: FROM ConfigBarcode cb WHERE cb.keyWord = :keyWord ORDER BY id ASC
nov. 15, 2018 8:23:06 PM ui.UILog log
INFOS: FROM ConfigBarcode cb WHERE cb.keyWord = :keyWord ORDER BY id ASC
nov. 15, 2018 8:27:59 PM ui.UILog log
INFOS: File 2018_11_15.log already exists.

nov. 15, 2018 8:27:59 PM ui.UILog log
INFOS: Daily output print directory [.\print\2018_11_15] already exist!
open_sheet sub directory [.\print\2018_11_15\open_sheet] already exist!
Print sub directory [.\print\2018_11_15\closing_sheet] already exist!
Print sub directory [.\print\2018_11_15\picking_label] already exist!
Print sub directory [.\print\2018_11_15\dispatch_label] already exist!

nov. 15, 2018 8:29:22 PM ui.UILog log
INFOS: File 2018_11_15.log already exists.

nov. 15, 2018 8:29:22 PM ui.UILog log
INFOS: Daily output print directory [.\print\2018_11_15] already exist!
open_sheet sub directory [.\print\2018_11_15\open_sheet] already exist!
Print sub directory [.\print\2018_11_15\closing_sheet] already exist!
Print sub directory [.\print\2018_11_15\picking_label] already exist!
Print sub directory [.\print\2018_11_15\dispatch_label] already exist!

nov. 15, 2018 9:11:15 PM ui.UILog log
INFOS: File 2018_11_15.log already exists.

nov. 15, 2018 9:11:15 PM ui.UILog log
INFOS: Daily output print directory [.\print\2018_11_15] already exist!
open_sheet sub directory [.\print\2018_11_15\open_sheet] already exist!
Print sub directory [.\print\2018_11_15\closing_sheet] already exist!
Print sub directory [.\print\2018_11_15\picking_label] already exist!
Print sub directory [.\print\2018_11_15\dispatch_label] already exist!

nov. 15, 2018 9:17:59 PM ui.UILog log
INFOS: File 2018_11_15.log already exists.

nov. 15, 2018 9:17:59 PM ui.UILog log
INFOS: Daily output print directory [.\print\2018_11_15] already exist!
open_sheet sub directory [.\print\2018_11_15\open_sheet] already exist!
Print sub directory [.\print\2018_11_15\closing_sheet] already exist!
Print sub directory [.\print\2018_11_15\picking_label] already exist!
Print sub directory [.\print\2018_11_15\dispatch_label] already exist!

nov. 15, 2018 9:18:38 PM ui.UILog log
INFOS: File 2018_11_15.log already exists.

nov. 15, 2018 9:18:38 PM ui.UILog log
INFOS: Daily output print directory [.\print\2018_11_15] already exist!
open_sheet sub directory [.\print\2018_11_15\open_sheet] already exist!
Print sub directory [.\print\2018_11_15\closing_sheet] already exist!
Print sub directory [.\print\2018_11_15\picking_label] already exist!
Print sub directory [.\print\2018_11_15\dispatch_label] already exist!

nov. 15, 2018 9:21:36 PM ui.UILog log
INFOS: File 2018_11_15.log already exists.

nov. 15, 2018 9:21:36 PM ui.UILog log
INFOS: Daily output print directory [.\print\2018_11_15] already exist!
open_sheet sub directory [.\print\2018_11_15\open_sheet] already exist!
Print sub directory [.\print\2018_11_15\closing_sheet] already exist!
Print sub directory [.\print\2018_11_15\picking_label] already exist!
Print sub directory [.\print\2018_11_15\dispatch_label] already exist!

nov. 15, 2018 9:23:25 PM ui.UILog log
INFOS: File 2018_11_15.log already exists.

nov. 15, 2018 9:23:25 PM ui.UILog log
INFOS: Daily output print directory [.\print\2018_11_15] already exist!
open_sheet sub directory [.\print\2018_11_15\open_sheet] already exist!
Print sub directory [.\print\2018_11_15\closing_sheet] already exist!
Print sub directory [.\print\2018_11_15\picking_label] already exist!
Print sub directory [.\print\2018_11_15\dispatch_label] already exist!

nov. 15, 2018 9:30:55 PM ui.UILog log
INFOS: File 2018_11_15.log already exists.

nov. 15, 2018 9:30:55 PM ui.UILog log
INFOS: Daily output print directory [.\print\2018_11_15] already exist!
open_sheet sub directory [.\print\2018_11_15\open_sheet] already exist!
Print sub directory [.\print\2018_11_15\closing_sheet] already exist!
Print sub directory [.\print\2018_11_15\picking_label] already exist!
Print sub directory [.\print\2018_11_15\dispatch_label] already exist!

nov. 15, 2018 9:34:55 PM ui.UILog log
INFOS: File 2018_11_15.log already exists.

nov. 15, 2018 9:34:55 PM ui.UILog log
INFOS: Daily output print directory [.\print\2018_11_15] already exist!
open_sheet sub directory [.\print\2018_11_15\open_sheet] already exist!
Print sub directory [.\print\2018_11_15\closing_sheet] already exist!
Print sub directory [.\print\2018_11_15\picking_label] already exist!
Print sub directory [.\print\2018_11_15\dispatch_label] already exist!

nov. 15, 2018 9:35:52 PM ui.UILog log
INFOS: File 2018_11_15.log already exists.

nov. 15, 2018 9:35:52 PM ui.UILog log
INFOS: Daily output print directory [.\print\2018_11_15] already exist!
open_sheet sub directory [.\print\2018_11_15\open_sheet] already exist!
Print sub directory [.\print\2018_11_15\closing_sheet] already exist!
Print sub directory [.\print\2018_11_15\picking_label] already exist!
Print sub directory [.\print\2018_11_15\dispatch_label] already exist!

nov. 15, 2018 9:39:40 PM ui.UILog log
INFOS: File 2018_11_15.log already exists.

nov. 15, 2018 9:39:40 PM ui.UILog log
INFOS: Daily output print directory [.\print\2018_11_15] already exist!
open_sheet sub directory [.\print\2018_11_15\open_sheet] already exist!
Print sub directory [.\print\2018_11_15\closing_sheet] already exist!
Print sub directory [.\print\2018_11_15\picking_label] already exist!
Print sub directory [.\print\2018_11_15\dispatch_label] already exist!

nov. 15, 2018 10:19:16 PM ui.UILog log
INFOS: File 2018_11_15.log already exists.

nov. 15, 2018 10:19:16 PM ui.UILog log
INFOS: Daily output print directory [.\print\2018_11_15] already exist!
open_sheet sub directory [.\print\2018_11_15\open_sheet] already exist!
Print sub directory [.\print\2018_11_15\closing_sheet] already exist!
Print sub directory [.\print\2018_11_15\picking_label] already exist!
Print sub directory [.\print\2018_11_15\dispatch_label] already exist!

nov. 15, 2018 10:22:08 PM ui.UILog log
INFOS: File 2018_11_15.log already exists.

nov. 15, 2018 10:22:08 PM ui.UILog log
INFOS: Daily output print directory [.\print\2018_11_15] already exist!
open_sheet sub directory [.\print\2018_11_15\open_sheet] already exist!
Print sub directory [.\print\2018_11_15\closing_sheet] already exist!
Print sub directory [.\print\2018_11_15\picking_label] already exist!
Print sub directory [.\print\2018_11_15\dispatch_label] already exist!

nov. 15, 2018 10:24:00 PM ui.UILog log
INFOS: File 2018_11_15.log already exists.

nov. 15, 2018 10:24:00 PM ui.UILog log
INFOS: Daily output print directory [.\print\2018_11_15] already exist!
open_sheet sub directory [.\print\2018_11_15\open_sheet] already exist!
Print sub directory [.\print\2018_11_15\closing_sheet] already exist!
Print sub directory [.\print\2018_11_15\picking_label] already exist!
Print sub directory [.\print\2018_11_15\dispatch_label] already exist!

nov. 15, 2018 10:24:59 PM ui.UILog log
INFOS: File 2018_11_15.log already exists.

nov. 15, 2018 10:24:59 PM ui.UILog log
INFOS: Daily output print directory [.\print\2018_11_15] already exist!
open_sheet sub directory [.\print\2018_11_15\open_sheet] already exist!
Print sub directory [.\print\2018_11_15\closing_sheet] already exist!
Print sub directory [.\print\2018_11_15\picking_label] already exist!
Print sub directory [.\print\2018_11_15\dispatch_label] already exist!

nov. 15, 2018 10:26:42 PM ui.UILog log
INFOS: File 2018_11_15.log already exists.

nov. 15, 2018 10:26:42 PM ui.UILog log
INFOS: Daily output print directory [.\print\2018_11_15] already exist!
open_sheet sub directory [.\print\2018_11_15\open_sheet] already exist!
Print sub directory [.\print\2018_11_15\closing_sheet] already exist!
Print sub directory [.\print\2018_11_15\picking_label] already exist!
Print sub directory [.\print\2018_11_15\dispatch_label] already exist!

nov. 15, 2018 10:28:44 PM ui.UILog log
INFOS: File 2018_11_15.log already exists.

nov. 15, 2018 10:28:44 PM ui.UILog log
INFOS: Daily output print directory [.\print\2018_11_15] already exist!
open_sheet sub directory [.\print\2018_11_15\open_sheet] already exist!
Print sub directory [.\print\2018_11_15\closing_sheet] already exist!
Print sub directory [.\print\2018_11_15\picking_label] already exist!
Print sub directory [.\print\2018_11_15\dispatch_label] already exist!

nov. 15, 2018 10:29:50 PM ui.UILog log
INFOS: File 2018_11_15.log already exists.

nov. 15, 2018 10:29:50 PM ui.UILog log
INFOS: Daily output print directory [.\print\2018_11_15] already exist!
open_sheet sub directory [.\print\2018_11_15\open_sheet] already exist!
Print sub directory [.\print\2018_11_15\closing_sheet] already exist!
Print sub directory [.\print\2018_11_15\picking_label] already exist!
Print sub directory [.\print\2018_11_15\dispatch_label] already exist!

nov. 15, 2018 10:30:31 PM ui.UILog log
INFOS: File 2018_11_15.log already exists.

nov. 15, 2018 10:30:31 PM ui.UILog log
INFOS: Daily output print directory [.\print\2018_11_15] already exist!
open_sheet sub directory [.\print\2018_11_15\open_sheet] already exist!
Print sub directory [.\print\2018_11_15\closing_sheet] already exist!
Print sub directory [.\print\2018_11_15\picking_label] already exist!
Print sub directory [.\print\2018_11_15\dispatch_label] already exist!

nov. 15, 2018 10:35:52 PM ui.UILog log
INFOS: APP_INFO0003 : User EZZIOURI Oussama / p connected to host Oussama-PC at 2018-11-15 22:35:52 Project : DUCATI.
nov. 15, 2018 10:35:52 PM ui.UILog log
INFOS: APP_CONFIG0002   : Chargement de la liste des formats QR dans la variable DATAMATRIX_PATTERN_LIST ...
nov. 15, 2018 10:35:52 PM ui.UILog log
INFOS: FROM ConfigBarcode cb WHERE cb.keyWord = :keyWord AND cb.harness_type = :harnessType ORDER BY id ASC
nov. 15, 2018 10:35:52 PM ui.UILog log
INFOS: ^[P]{1}\w{9}[;]{1}\d{2}[.]{1}\d{2}[.]{1}\d{4}[;]{1}\d{2}[:]{1}\d{2}[:]{1}\d{2}
^\w{9}[;]{1}\d{2}[.]{1}\d{2}[.]{1}\d{4}[;]{1}\d{2}[:]{1}\d{2}[:]{1}\d{2}
^\b{9}[;]{1}\d{2}[.]{1}\d{2}[.]{1}\d{4}[;]{1}\d{2}[:]{1}\d{2}[:]{1}\d{2}
^\w{9}[;]{1}\d{2}[:]{1}\d{2}[:]{1}\d{4}[;]{1}\d{2}[:]{1}\d{2}[:]{1}\d{2}

nov. 15, 2018 10:35:52 PM ui.UILog log
INFOS: APP_CONFIG0003   : 4 formats possible du QR pour le projet DUCATI ont été chargés avec succès !
nov. 15, 2018 10:35:52 PM ui.UILog log
INFOS: FROM ConfigBarcode cb WHERE cb.keyWord = :keyWord AND cb.harness_type = :harnessType ORDER BY id ASC
nov. 15, 2018 10:35:52 PM ui.UILog log
INFOS: ^[P]\w{9}
^\w{9}
^\b{9}

nov. 15, 2018 10:35:52 PM ui.UILog log
INFOS: APP_CONFIG0004   : 3 formats de référence possibles pour le projet DUCATI ont été chargés avec succès.
nov. 15, 2018 10:36:14 PM ui.UILog log
INFOS: Droping harness list...{0}
