janv. 21, 2019 12:49:42 PM ui.UILog log
INFOS: File 2019_01_21.log is created!

janv. 21, 2019 12:49:42 PM ui.UILog log
INFOS: Daily output print directory [.\print\2019_01_21] created !
open_sheet sub directory [.\print\2019_01_21\open_sheet] created !
Print sub directory [.\print\2019_01_21\closing_sheet] created !
Print sub directory [.\print\2019_01_21\picking_label] created !
Print sub directory [.\print\2019_01_21\dispatch_label] created !

janv. 21, 2019 12:51:16 PM ui.UILog log
INFOS: APP_INFO0003 : User EZZIOURI Oussama / p connected to host WSMA7040 at 2019-01-21 12:51:16 Project : PERKINS.
janv. 21, 2019 12:51:16 PM ui.UILog log
INFOS: APP_CONFIG0002   : Chargement de la liste des formats QR dans la variable DATAMATRIX_PATTERN_LIST ...
janv. 21, 2019 12:51:16 PM ui.UILog log
INFOS: FROM ConfigBarcode cb WHERE cb.keyWord = :keyWord AND cb.harness_type = :harnessType ORDER BY id ASC
janv. 21, 2019 12:51:16 PM ui.UILog log
INFOS: ^[P]\w{20}
^[P]\w{3}[-]\w{16}
^[P]\w{23}
\w{23}
\w{3}[-]\w{18}
^\d{8}[a-zA-Z]{1}\d{14}

janv. 21, 2019 12:51:16 PM ui.UILog log
INFOS: APP_CONFIG0003   : 6 formats possible du QR pour le projet PERKINS ont été chargés avec succès !
janv. 21, 2019 12:51:16 PM ui.UILog log
INFOS: FROM ConfigBarcode cb WHERE cb.keyWord = :keyWord AND cb.harness_type = :harnessType ORDER BY id ASC
janv. 21, 2019 12:51:16 PM ui.UILog log
INFOS: ^[P]\w{8}
^[P]\w{9}
^[P]\w{3}[-]\w{4}
\w{3}[-]\w{4}
\w{8}
\w{9}

janv. 21, 2019 12:51:16 PM ui.UILog log
INFOS: APP_CONFIG0004   : 6 formats de référence possibles pour le projet PERKINS ont été chargés avec succès.
janv. 21, 2019 12:51:55 PM ui.UILog log
INFOS: Daily output print directory [.\print\2019_01_21] already exist!
open_sheet sub directory [.\print\2019_01_21\open_sheet] already exist!
Print sub directory [.\print\2019_01_21\closing_sheet] already exist!
Print sub directory [.\print\2019_01_21\picking_label] already exist!
Print sub directory [.\print\2019_01_21\dispatch_label] already exist!

janv. 21, 2019 12:51:56 PM ui.UILog log
INFOS: Sending [.\print\2019_01_21\closing_sheet\PrintClosingPallet_A5_3161C017_2019_01_21_12_51_56.pdf] to the default printer...
janv. 21, 2019 12:51:57 PM ui.UILog log
INFOS: File [%s] has been printed.
janv. 21, 2019 2:21:37 PM ui.UILog log
INFOS: APP_INFO0003 : User EZZIOURI Oussama / p connected to host WSMA7040 at 2019-01-21 14:21:37 Dispatch interface : .
