févr. 06, 2019 9:21:14 PM ui.UILog log
INFOS: File 2019_02_06.log is created!

févr. 06, 2019 9:21:14 PM ui.UILog log
INFOS: Daily output print directory [.\print\2019_02_06] created !
open_sheet sub directory [.\print\2019_02_06\open_sheet] created !
Print sub directory [.\print\2019_02_06\closing_sheet] created !
Print sub directory [.\print\2019_02_06\picking_label] created !
Print sub directory [.\print\2019_02_06\dispatch_label] created !

févr. 06, 2019 9:24:20 PM ui.UILog log
INFOS: APP_INFO0003 : User EZZIOURI Oussama / p connected to host Oussama-PC at 2019-02-06 21:24:20 Module : Configuration : .
févr. 06, 2019 9:24:28 PM ui.UILog log
INFOS: APP_INFO0003 : User EZZIOURI Oussama / p connected to host Oussama-PC at 2019-02-06 21:24:28 Dispatch interface : .
févr. 06, 2019 9:38:55 PM ui.UILog log
INFOS: File 2019_02_06.log already exists.

févr. 06, 2019 9:38:55 PM ui.UILog log
INFOS: Daily output print directory [.\print\2019_02_06] already exist!
open_sheet sub directory [.\print\2019_02_06\open_sheet] already exist!
Print sub directory [.\print\2019_02_06\closing_sheet] already exist!
Print sub directory [.\print\2019_02_06\picking_label] already exist!
Print sub directory [.\print\2019_02_06\dispatch_label] already exist!

févr. 06, 2019 9:39:30 PM ui.UILog log
INFOS: APP_INFO0003 : User EZZIOURI Oussama / p connected to host Oussama-PC at 2019-02-06 21:39:30 Module : Configuration : .
févr. 06, 2019 9:43:58 PM ui.UILog log
INFOS: Daily output print directory [.\print\2019_02_06] already exist!
open_sheet sub directory [.\print\2019_02_06\open_sheet] already exist!
Print sub directory [.\print\2019_02_06\closing_sheet] already exist!
Print sub directory [.\print\2019_02_06\picking_label] already exist!
Print sub directory [.\print\2019_02_06\dispatch_label] already exist!

févr. 06, 2019 9:43:59 PM ui.UILog log
INFOS: Sending [.\print\2019_02_06\open_sheet\PartLabel_A5_431-6226_2019_02_06_21_43_58.pdf] to the default printer...
févr. 06, 2019 9:43:59 PM ui.UILog log
INFOS: File [.\print\2019_02_06\open_sheet\PartLabel_A5_431-6226_2019_02_06_21_43_58.pdf] has been printed.
févr. 06, 2019 9:46:59 PM ui.UILog log
INFOS: Daily output print directory [.\print\2019_02_06] already exist!
open_sheet sub directory [.\print\2019_02_06\open_sheet] already exist!
Print sub directory [.\print\2019_02_06\closing_sheet] already exist!
Print sub directory [.\print\2019_02_06\picking_label] already exist!
Print sub directory [.\print\2019_02_06\dispatch_label] already exist!

févr. 06, 2019 9:46:59 PM ui.UILog log
INFOS: Sending [.\print\2019_02_06\open_sheet\PartLabel_A5_431-6226_2019_02_06_21_46_59.pdf] to the default printer...
févr. 06, 2019 9:46:59 PM ui.UILog log
INFOS: File [.\print\2019_02_06\open_sheet\PartLabel_A5_431-6226_2019_02_06_21_46_59.pdf] has been printed.
févr. 06, 2019 9:49:50 PM ui.UILog log
INFOS: File 2019_02_06.log already exists.

févr. 06, 2019 9:49:50 PM ui.UILog log
INFOS: Daily output print directory [.\print\2019_02_06] already exist!
open_sheet sub directory [.\print\2019_02_06\open_sheet] already exist!
Print sub directory [.\print\2019_02_06\closing_sheet] already exist!
Print sub directory [.\print\2019_02_06\picking_label] already exist!
Print sub directory [.\print\2019_02_06\dispatch_label] already exist!

févr. 06, 2019 9:49:56 PM ui.UILog log
INFOS: APP_INFO0003 : User EZZIOURI Oussama / p connected to host Oussama-PC at 2019-02-06 21:49:56 Module : Configuration : .
févr. 06, 2019 9:50:16 PM ui.UILog log
INFOS: Daily output print directory [.\print\2019_02_06] already exist!
open_sheet sub directory [.\print\2019_02_06\open_sheet] already exist!
Print sub directory [.\print\2019_02_06\closing_sheet] already exist!
Print sub directory [.\print\2019_02_06\picking_label] already exist!
Print sub directory [.\print\2019_02_06\dispatch_label] already exist!

févr. 06, 2019 9:50:17 PM ui.UILog log
INFOS: Sending [.\print\2019_02_06\open_sheet\PartLabel_A5_431-6226_2019_02_06_21_50_16.pdf] to the default printer...
févr. 06, 2019 9:50:17 PM ui.UILog log
INFOS: File [.\print\2019_02_06\open_sheet\PartLabel_A5_431-6226_2019_02_06_21_50_16.pdf] has been printed.
févr. 06, 2019 9:52:48 PM ui.UILog log
INFOS: File 2019_02_06.log already exists.

févr. 06, 2019 9:52:48 PM ui.UILog log
INFOS: Daily output print directory [.\print\2019_02_06] already exist!
open_sheet sub directory [.\print\2019_02_06\open_sheet] already exist!
Print sub directory [.\print\2019_02_06\closing_sheet] already exist!
Print sub directory [.\print\2019_02_06\picking_label] already exist!
Print sub directory [.\print\2019_02_06\dispatch_label] already exist!

févr. 06, 2019 9:53:09 PM ui.UILog log
INFOS: APP_INFO0003 : User EZZIOURI Oussama / p connected to host Oussama-PC at 2019-02-06 21:53:09 Module : Configuration : .
févr. 06, 2019 9:53:21 PM ui.UILog log
INFOS: Daily output print directory [.\print\2019_02_06] already exist!
open_sheet sub directory [.\print\2019_02_06\open_sheet] already exist!
Print sub directory [.\print\2019_02_06\closing_sheet] already exist!
Print sub directory [.\print\2019_02_06\picking_label] already exist!
Print sub directory [.\print\2019_02_06\dispatch_label] already exist!

févr. 06, 2019 9:53:21 PM ui.UILog log
INFOS: Sending [.\print\2019_02_06\open_sheet\PartLabel_A5_431-6226_2019_02_06_21_53_21.pdf] to the default printer...
févr. 06, 2019 9:53:21 PM ui.UILog log
INFOS: File [.\print\2019_02_06\open_sheet\PartLabel_A5_431-6226_2019_02_06_21_53_21.pdf] has been printed.
févr. 06, 2019 9:56:15 PM ui.UILog log
INFOS: File 2019_02_06.log already exists.

févr. 06, 2019 9:56:15 PM ui.UILog log
INFOS: Daily output print directory [.\print\2019_02_06] already exist!
open_sheet sub directory [.\print\2019_02_06\open_sheet] already exist!
Print sub directory [.\print\2019_02_06\closing_sheet] already exist!
Print sub directory [.\print\2019_02_06\picking_label] already exist!
Print sub directory [.\print\2019_02_06\dispatch_label] already exist!

févr. 06, 2019 9:56:26 PM ui.UILog log
INFOS: APP_INFO0003 : User EZZIOURI Oussama / p connected to host Oussama-PC at 2019-02-06 21:56:26 Module : Configuration : .
févr. 06, 2019 9:56:32 PM ui.UILog log
INFOS: Daily output print directory [.\print\2019_02_06] already exist!
open_sheet sub directory [.\print\2019_02_06\open_sheet] already exist!
Print sub directory [.\print\2019_02_06\closing_sheet] already exist!
Print sub directory [.\print\2019_02_06\picking_label] already exist!
Print sub directory [.\print\2019_02_06\dispatch_label] already exist!

févr. 06, 2019 9:56:33 PM ui.UILog log
INFOS: Sending [.\print\2019_02_06\open_sheet\PartLabel_A5_431-6226_2019_02_06_21_56_32.pdf] to the default printer...
févr. 06, 2019 9:56:33 PM ui.UILog log
INFOS: File [.\print\2019_02_06\open_sheet\PartLabel_A5_431-6226_2019_02_06_21_56_32.pdf] has been printed.
févr. 06, 2019 9:56:57 PM ui.UILog log
INFOS: APP_INFO0003 : User EZZIOURI Oussama / p connected to host Oussama-PC at 2019-02-06 21:56:57 Dispatch interface : .
févr. 06, 2019 9:58:45 PM ui.UILog log
INFOS: File 2019_02_06.log already exists.

févr. 06, 2019 9:58:45 PM ui.UILog log
INFOS: Daily output print directory [.\print\2019_02_06] already exist!
open_sheet sub directory [.\print\2019_02_06\open_sheet] already exist!
Print sub directory [.\print\2019_02_06\closing_sheet] already exist!
Print sub directory [.\print\2019_02_06\picking_label] already exist!
Print sub directory [.\print\2019_02_06\dispatch_label] already exist!

févr. 06, 2019 9:58:52 PM ui.UILog log
INFOS: APP_INFO0003 : User EZZIOURI Oussama / p connected to host Oussama-PC at 2019-02-06 21:58:52 Module : Configuration : .
févr. 06, 2019 9:58:55 PM ui.UILog log
INFOS: APP_INFO0003 : User EZZIOURI Oussama / p connected to host Oussama-PC at 2019-02-06 21:58:55 Dispatch interface : .
févr. 06, 2019 10:00:30 PM ui.UILog log
INFOS: File 2019_02_06.log already exists.

févr. 06, 2019 10:00:30 PM ui.UILog log
INFOS: Daily output print directory [.\print\2019_02_06] already exist!
open_sheet sub directory [.\print\2019_02_06\open_sheet] already exist!
Print sub directory [.\print\2019_02_06\closing_sheet] already exist!
Print sub directory [.\print\2019_02_06\picking_label] already exist!
Print sub directory [.\print\2019_02_06\dispatch_label] already exist!

févr. 06, 2019 10:00:36 PM ui.UILog log
INFOS: APP_INFO0003 : User EZZIOURI Oussama / p connected to host Oussama-PC at 2019-02-06 22:00:36 Module : Configuration : .
févr. 06, 2019 10:00:41 PM ui.UILog log
INFOS: APP_INFO0003 : User EZZIOURI Oussama / p connected to host Oussama-PC at 2019-02-06 22:00:41 Dispatch interface : .
