janv. 22, 2019 8:37:43 AM ui.UILog log
INFOS: File 2019_01_22.log is created!

janv. 22, 2019 8:37:43 AM ui.UILog log
INFOS: Daily output print directory [.\print\2019_01_22] created !
open_sheet sub directory [.\print\2019_01_22\open_sheet] created !
Print sub directory [.\print\2019_01_22\closing_sheet] created !
Print sub directory [.\print\2019_01_22\picking_label] created !
Print sub directory [.\print\2019_01_22\dispatch_label] created !

janv. 22, 2019 8:38:31 AM ui.UILog log
INFOS: APP_INFO0003 : User EZZIOURI Oussama / p connected to host WSMA7040 at 2019-01-22 08:38:31 Project : HDEP.
janv. 22, 2019 8:38:31 AM ui.UILog log
INFOS: APP_CONFIG0002   : Chargement de la liste des formats QR dans la variable DATAMATRIX_PATTERN_LIST ...
janv. 22, 2019 8:38:31 AM ui.UILog log
INFOS: FROM ConfigBarcode cb WHERE cb.keyWord = :keyWord AND cb.harness_type = :harnessType ORDER BY id ASC
janv. 22, 2019 8:38:31 AM ui.UILog log
INFOS: ^[P]{1}\d{22}
^[P]{1}\d{10}[.]\d{2}[.]\d{4}[;]\d{2}[:]\d{2}[:]\d{2}
^[P]{1}\d{8}[;]\d{2}[.]\d{2}[.]\d{6}[:]\d{2}[:]\d{2}
^[P]{1}\d{8}[;]\d{2}[.]\d{2}[.]\d{4}[;]\d{2}[:]\d{2}[:]\d{2}
^[P]{1}\d{10}[.]\d{2}[.]\d{6}[:]\d{2}[:]\d{2}
^[P]{1}\d{8}[P]{1}\d{10}[A]{1}\d{17}
^[P]{1}\d{8}[P]{1}\d{4}[C]{1}\d{5}[C]{1}\d{17}
^[P]{1}\d{8}[P]{1}\d{4}[C]{1}\d{5}[A]{1}\d{14}
^[P]{1}\d{8}[P]{1}\d{4}[C]{1}\d{5}[A]{1}\d{13}
^[P]{1}\d{8}[P]{1}\d{4}[C]{1}\d{5}[A]{1}\d{16}
^[P]{1}\d{8}[P]{1}\d{4}[C]{1}\d{5}[A]{1}\d{18}
^[P]{1}\d{8}[P]{1}\d{4}[C]{1}\d{5}[A]{1}\d{12}
^[P]{1}\d{8}[P]{1}\d{4}[C]{1}\d{5}[A]{1}\d{17}
^[P]{1}\d{8}[P]{1}\d{4}[C]{1}\d{5}[A]{1}\d{15}
^[P]{1}\d{8}[P]{1}\d{19}
^[P]{1}\d{8}[P]{1}\d{4}[C]{1}\d{5}[A]{1}\d{19}
^[P]{1}\d{8}[C]{1}\d{19}
^[P]{1}\d{8}[P]{1}\d{4}[C]{1}\d{5}[B]{1}\d{17}
^[P]{1}\d{8}[C]{1}\d{4}[C]{1}\d{5}[A]{1}\d{17}
^[P]{1}\d{8}[P]{1}\d{4}[C]{1}\d{6}[A]{1}\d{17}
^\d{4}[C]{1}\d{3}[D]{1}[;]{1}\d{2}[.]{1}\d{2}[.]{1}\d{4}[;]{1}\d{2}[:]{1}\d{2}[:]{1}\d{2}
^[P]{1}\w{36}
^[P]{1}\w{37}
^[P]{1}\d{8}[X]{1}\d{4}[C]{1}\d{5}[A]{1}\d{17}

janv. 22, 2019 8:38:31 AM ui.UILog log
INFOS: APP_CONFIG0003   : 24 formats possible du QR pour le projet HDEP ont été chargés avec succès !
janv. 22, 2019 8:38:31 AM ui.UILog log
INFOS: FROM ConfigBarcode cb WHERE cb.keyWord = :keyWord AND cb.harness_type = :harnessType ORDER BY id ASC
janv. 22, 2019 8:38:31 AM ui.UILog log
INFOS: ^[P]\w{8}

janv. 22, 2019 8:38:31 AM ui.UILog log
INFOS: APP_CONFIG0004   : 1 formats de référence possibles pour le projet HDEP ont été chargés avec succès.
janv. 22, 2019 8:38:56 AM ui.UILog log
INFOS: Droping harness list...{0}
janv. 22, 2019 8:43:10 AM ui.UILog log
INFOS: Droping harness list...{0}
janv. 22, 2019 8:43:48 AM ui.UILog log
INFOS: Droping harness list...{0}
janv. 22, 2019 8:43:55 AM ui.UILog log
INFOS: Droping harness list...{0}
janv. 22, 2019 8:44:04 AM ui.UILog log
INFOS: Droping harness list...{0}
janv. 22, 2019 8:44:11 AM ui.UILog log
INFOS: Droping harness list...{0}
janv. 22, 2019 8:44:18 AM ui.UILog log
INFOS: Droping harness list...{0}
janv. 22, 2019 8:44:25 AM ui.UILog log
INFOS: Droping harness list...{0}
janv. 22, 2019 8:44:32 AM ui.UILog log
INFOS: Droping harness list...{0}
janv. 22, 2019 8:44:39 AM ui.UILog log
INFOS: Droping harness list...{0}
janv. 22, 2019 8:44:45 AM ui.UILog log
INFOS: Droping harness list...{0}
janv. 22, 2019 8:44:52 AM ui.UILog log
INFOS: Droping harness list...{0}
janv. 22, 2019 8:45:00 AM ui.UILog log
INFOS: Droping harness list...{0}
