déc. 27, 2018 11:02:10 AM ui.UILog log
INFOS: File 2018_12_27.log is created!

déc. 27, 2018 11:02:10 AM ui.UILog log
INFOS: Daily output print directory [.\print\2018_12_27] created !
open_sheet sub directory [.\print\2018_12_27\open_sheet] created !
Print sub directory [.\print\2018_12_27\closing_sheet] created !
Print sub directory [.\print\2018_12_27\picking_label] created !
Print sub directory [.\print\2018_12_27\dispatch_label] created !

déc. 27, 2018 11:02:47 AM ui.UILog log
INFOS: File 2018_12_27.log already exists.

déc. 27, 2018 11:02:47 AM ui.UILog log
INFOS: Daily output print directory [.\print\2018_12_27] already exist!
open_sheet sub directory [.\print\2018_12_27\open_sheet] already exist!
Print sub directory [.\print\2018_12_27\closing_sheet] already exist!
Print sub directory [.\print\2018_12_27\picking_label] already exist!
Print sub directory [.\print\2018_12_27\dispatch_label] already exist!

déc. 27, 2018 11:03:49 AM ui.UILog log
INFOS: File 2018_12_27.log already exists.

déc. 27, 2018 11:03:49 AM ui.UILog log
INFOS: Daily output print directory [.\print\2018_12_27] already exist!
open_sheet sub directory [.\print\2018_12_27\open_sheet] already exist!
Print sub directory [.\print\2018_12_27\closing_sheet] already exist!
Print sub directory [.\print\2018_12_27\picking_label] already exist!
Print sub directory [.\print\2018_12_27\dispatch_label] already exist!

déc. 27, 2018 11:09:32 AM ui.UILog log
INFOS: File 2018_12_27.log already exists.

déc. 27, 2018 11:09:32 AM ui.UILog log
INFOS: Daily output print directory [.\print\2018_12_27] already exist!
open_sheet sub directory [.\print\2018_12_27\open_sheet] already exist!
Print sub directory [.\print\2018_12_27\closing_sheet] already exist!
Print sub directory [.\print\2018_12_27\picking_label] already exist!
Print sub directory [.\print\2018_12_27\dispatch_label] already exist!

déc. 27, 2018 11:10:19 AM ui.UILog log
INFOS: APP_INFO0003 : User EZZIOURI Oussama / p connected to host WSMA7040 at 2018-12-27 11:10:19 Dispatch interface : .
déc. 27, 2018 11:11:28 AM ui.UILog log
GRAVE: APP_ERR0032 DISPATCH : Numero / Matricule du tracteur non saisi.
 Editer le plan puis saisir un numéro tracteur.
déc. 27, 2018 11:12:37 AM ui.UILog log
INFOS: APP_ERR0024 DISPATCH : Une ou plusieurs élements associés à cette destination INVENT. DUCATI.
Supprimer ses élements en premier.
déc. 27, 2018 11:13:05 AM ui.UILog log
GRAVE: APP_ERR0032 DISPATCH : Numero / Matricule du tracteur non saisi.
 Editer le plan puis saisir un numéro tracteur.
déc. 27, 2018 11:17:43 AM ui.UILog log
INFOS: APP_INFO0003 : User EZZIOURI Oussama / p connected to host WSMA7040 at 2018-12-27 11:17:43 Module : Configuration : .
déc. 27, 2018 11:17:58 AM ui.UILog log
INFOS: APP_INFO0003 : User EZZIOURI Oussama / p connected to host WSMA7040 at 2018-12-27 11:17:58 Packaging warehouse interface : .
déc. 27, 2018 11:19:01 AM ui.UILog log
INFOS: APP_INFO0003 : User EZZIOURI Oussama / p connected to host WSMA7040 at 2018-12-27 11:19:01 Dispatch interface : .
déc. 27, 2018 11:20:46 AM ui.UILog log
INFOS: File 2018_12_27.log already exists.

déc. 27, 2018 11:20:46 AM ui.UILog log
INFOS: Daily output print directory [.\print\2018_12_27] already exist!
open_sheet sub directory [.\print\2018_12_27\open_sheet] already exist!
Print sub directory [.\print\2018_12_27\closing_sheet] already exist!
Print sub directory [.\print\2018_12_27\picking_label] already exist!
Print sub directory [.\print\2018_12_27\dispatch_label] already exist!

déc. 27, 2018 11:20:49 AM ui.UILog log
INFOS: APP_INFO0003 : User EZZIOURI Oussama / p connected to host WSMA7040 at 2018-12-27 11:20:49 Dispatch interface : .
déc. 27, 2018 11:30:41 AM ui.UILog log
INFOS: APP_INFO0003 : User EZZIOURI Oussama / p connected to host WSMA7040 at 2018-12-27 11:30:41 Module : Configuration : .
déc. 27, 2018 11:36:57 AM ui.UILog log
INFOS: APP_INFO0003 : User EZZIOURI Oussama / p connected to host WSMA7040 at 2018-12-27 11:36:57 Project : HDEP.
déc. 27, 2018 11:36:57 AM ui.UILog log
INFOS: APP_CONFIG0002   : Chargement de la liste des formats QR dans la variable DATAMATRIX_PATTERN_LIST ...
déc. 27, 2018 11:36:57 AM ui.UILog log
INFOS: FROM ConfigBarcode cb WHERE cb.keyWord = :keyWord AND cb.harness_type = :harnessType ORDER BY id ASC
déc. 27, 2018 11:36:57 AM ui.UILog log
INFOS: ^[P]{1}\d{22}
^[P]{1}\d{10}[.]\d{2}[.]\d{4}[;]\d{2}[:]\d{2}[:]\d{2}
^[P]{1}\d{8}[;]\d{2}[.]\d{2}[.]\d{6}[:]\d{2}[:]\d{2}
^[P]{1}\d{8}[;]\d{2}[.]\d{2}[.]\d{4}[;]\d{2}[:]\d{2}[:]\d{2}
^[P]{1}\d{10}[.]\d{2}[.]\d{6}[:]\d{2}[:]\d{2}
^[P]{1}\d{8}[P]{1}\d{10}[A]{1}\d{17}
^[P]{1}\d{8}[P]{1}\d{4}[C]{1}\d{5}[C]{1}\d{17}
^[P]{1}\d{8}[P]{1}\d{4}[C]{1}\d{5}[A]{1}\d{14}
^[P]{1}\d{8}[P]{1}\d{4}[C]{1}\d{5}[A]{1}\d{13}
^[P]{1}\d{8}[P]{1}\d{4}[C]{1}\d{5}[A]{1}\d{16}
^[P]{1}\d{8}[P]{1}\d{4}[C]{1}\d{5}[A]{1}\d{18}
^[P]{1}\d{8}[P]{1}\d{4}[C]{1}\d{5}[A]{1}\d{12}
^[P]{1}\d{8}[P]{1}\d{4}[C]{1}\d{5}[A]{1}\d{17}
^[P]{1}\d{8}[P]{1}\d{4}[C]{1}\d{5}[A]{1}\d{15}
^[P]{1}\d{8}[P]{1}\d{19}
^[P]{1}\d{8}[P]{1}\d{4}[C]{1}\d{5}[A]{1}\d{19}
^[P]{1}\d{8}[C]{1}\d{19}
^[P]{1}\d{8}[P]{1}\d{4}[C]{1}\d{5}[B]{1}\d{17}
^[P]{1}\d{8}[C]{1}\d{4}[C]{1}\d{5}[A]{1}\d{17}
^[P]{1}\d{8}[P]{1}\d{4}[C]{1}\d{6}[A]{1}\d{17}
^\d{4}[C]{1}\d{3}[D]{1}[;]{1}\d{2}[.]{1}\d{2}[.]{1}\d{4}[;]{1}\d{2}[:]{1}\d{2}[:]{1}\d{2}
^[P]{1}\w{36}
^[P]{1}\w{37}
^[P]{1}\d{8}[X]{1}\d{4}[C]{1}\d{5}[A]{1}\d{17}

déc. 27, 2018 11:36:57 AM ui.UILog log
INFOS: APP_CONFIG0003   : 24 formats possible du QR pour le projet HDEP ont été chargés avec succès !
déc. 27, 2018 11:36:57 AM ui.UILog log
INFOS: FROM ConfigBarcode cb WHERE cb.keyWord = :keyWord AND cb.harness_type = :harnessType ORDER BY id ASC
déc. 27, 2018 11:36:57 AM ui.UILog log
INFOS: ^[P]\w{8}

déc. 27, 2018 11:36:57 AM ui.UILog log
INFOS: APP_CONFIG0004   : 1 formats de référence possibles pour le projet HDEP ont été chargés avec succès.
déc. 27, 2018 11:37:13 AM ui.UILog log
INFOS: Searching Harness part [22825600] in ConfigUCS: [HDEP]
déc. 27, 2018 11:37:13 AM ui.UILog log
INFOS: APP_INFO0004 : Référence produit 22825600 trouvée pour le projet [HDEP].
déc. 27, 2018 11:37:13 AM ui.UILog log
INFOS: APP_INFO0005 : Référence produit correcte P22825600 
déc. 27, 2018 11:37:26 AM ui.UILog log
INFOS: Searching Harness counter [P2282560020202027122018] in BaseHarness.
déc. 27, 2018 11:37:26 AM ui.UILog log
INFOS: FROM BaseHarness bh WHERE bh.counter = :counter
déc. 27, 2018 11:37:50 AM ui.UILog log
INFOS: Daily output print directory [.\print\2018_12_27] already exist!
open_sheet sub directory [.\print\2018_12_27\open_sheet] already exist!
Print sub directory [.\print\2018_12_27\closing_sheet] already exist!
Print sub directory [.\print\2018_12_27\picking_label] already exist!
Print sub directory [.\print\2018_12_27\dispatch_label] already exist!

déc. 27, 2018 11:37:51 AM ui.UILog log
INFOS: Sending [.\print\2018_12_27\open_sheet\PrintOpenPallet_A5_2018_12_27_11_37_50_22825600_200078068.pdf] to the default printer...
déc. 27, 2018 11:37:52 AM ui.UILog log
INFOS: File [.\print\2018_12_27\open_sheet\PrintOpenPallet_A5_2018_12_27_11_37_50_22825600_200078068.pdf] has been printed.
déc. 27, 2018 11:37:52 AM ui.UILog log
INFOS: APP_INFO0006 : Openning new container 200078068 for the first harness part 
déc. 27, 2018 11:38:30 AM ui.UILog log
INFOS: BaseContainer created BaseContainer{id=77140, fifoTime=Thu Dec 27 11:38:30 WAT 2018, storedTime=null, palletNumber=200078068, harnessPart=22825600, supplierPartNumber=26C97592A, qtyExpected=1, qtyRead=1, containerState=OPEN, containerStateCode=1000, packType=1HV, harnessType=HDEP, ucsLifes=1, ucsId=828, dispatchLabelNo=null, destination=, harnessList=[], harnessCounter=null, choosen_pack_type=null} 
déc. 27, 2018 11:38:30 AM ui.UILog log
INFOS: Daily output print directory [.\print\2018_12_27] already exist!
open_sheet sub directory [.\print\2018_12_27\open_sheet] already exist!
Print sub directory [.\print\2018_12_27\closing_sheet] already exist!
Print sub directory [.\print\2018_12_27\picking_label] already exist!
Print sub directory [.\print\2018_12_27\dispatch_label] already exist!

déc. 27, 2018 11:38:31 AM ui.UILog log
INFOS: Sending [.\print\2018_12_27\closing_sheet\PrintClosingPallet_A5_22825600_2018_12_27_11_38_30.pdf] to the default printer...
déc. 27, 2018 11:38:31 AM ui.UILog log
INFOS: File [%s] has been printed.
déc. 27, 2018 11:41:35 AM ui.UILog log
INFOS: Searching Container [200078068] in BaseContainer.
déc. 27, 2018 11:41:35 AM ui.UILog log
INFOS: FROM BaseContainer bc WHERE bc.palletNumber = :palletNumber AND bc.containerState = :state
déc. 27, 2018 11:42:13 AM ui.UILog log
INFOS: APP_INFO0003 : User EZZIOURI Oussama / p connected to host WSMA7040 at 2018-12-27 11:42:13 Packaging warehouse interface : .
déc. 27, 2018 12:03:48 PM ui.UILog log
INFOS: APP_INFO0003 : User EZZIOURI Oussama / p connected to host WSMA7040 at 2018-12-27 12:03:48 Project : PERKINS.
déc. 27, 2018 12:03:48 PM ui.UILog log
INFOS: APP_CONFIG0002   : Chargement de la liste des formats QR dans la variable DATAMATRIX_PATTERN_LIST ...
déc. 27, 2018 12:03:48 PM ui.UILog log
INFOS: FROM ConfigBarcode cb WHERE cb.keyWord = :keyWord AND cb.harness_type = :harnessType ORDER BY id ASC
déc. 27, 2018 12:03:48 PM ui.UILog log
INFOS: ^[P]\w{20}
^[P]\w{3}[-]\w{16}
^[P]\w{23}
\w{23}
\w{3}[-]\w{18}
^\d{8}[a-zA-Z]{1}\d{14}

déc. 27, 2018 12:03:48 PM ui.UILog log
INFOS: APP_CONFIG0003   : 6 formats possible du QR pour le projet PERKINS ont été chargés avec succès !
déc. 27, 2018 12:03:48 PM ui.UILog log
INFOS: FROM ConfigBarcode cb WHERE cb.keyWord = :keyWord AND cb.harness_type = :harnessType ORDER BY id ASC
déc. 27, 2018 12:03:48 PM ui.UILog log
INFOS: ^[P]\w{8}
^[P]\w{9}
^[P]\w{3}[-]\w{4}
\w{3}[-]\w{4}
\w{8}
\w{9}

déc. 27, 2018 12:03:48 PM ui.UILog log
INFOS: APP_CONFIG0004   : 6 formats de référence possibles pour le projet PERKINS ont été chargés avec succès.
déc. 27, 2018 12:03:51 PM ui.UILog log
INFOS: Searching Harness part [455-6840] in ConfigUCS: [PERKINS]
déc. 27, 2018 12:03:51 PM ui.UILog log
INFOS: APP_INFO0004 : Référence produit 455-6840 trouvée pour le projet [PERKINS].
déc. 27, 2018 12:03:51 PM ui.UILog log
INFOS: APP_INFO0005 : Référence produit correcte P455-6840 
déc. 27, 2018 12:04:02 PM ui.UILog log
INFOS: Invalid Counter scanned format [P455-684012030027122018]!
déc. 27, 2018 12:04:02 PM ui.UILog log
GRAVE: APP_ERR0009 : Format invalide du code QR [P455-684012030027122018]!
déc. 27, 2018 12:04:06 PM ui.UILog log
GRAVE: APP_ERR0009 : Format invalide du code QR [P455-684012030027122018]!
déc. 27, 2018 12:04:11 PM ui.UILog log
INFOS: Searching Harness counter [455-684012030027122018] in BaseHarness.
déc. 27, 2018 12:04:11 PM ui.UILog log
INFOS: FROM BaseHarness bh WHERE bh.counter = :counter
déc. 27, 2018 12:04:12 PM ui.UILog log
INFOS: New harness to be added BaseHarness{harnessPart=null, counter=null}
déc. 27, 2018 12:04:24 PM ui.UILog log
INFOS: Daily output print directory [.\print\2018_12_27] already exist!
open_sheet sub directory [.\print\2018_12_27\open_sheet] already exist!
Print sub directory [.\print\2018_12_27\closing_sheet] already exist!
Print sub directory [.\print\2018_12_27\picking_label] already exist!
Print sub directory [.\print\2018_12_27\dispatch_label] already exist!

déc. 27, 2018 12:04:24 PM ui.UILog log
INFOS: Sending [.\print\2018_12_27\open_sheet\PrintOpenPallet_A5_2018_12_27_12_04_24_455-6840_200078069.pdf] to the default printer...
déc. 27, 2018 12:04:24 PM ui.UILog log
INFOS: File [.\print\2018_12_27\open_sheet\PrintOpenPallet_A5_2018_12_27_12_04_24_455-6840_200078069.pdf] has been printed.
déc. 27, 2018 12:04:24 PM ui.UILog log
INFOS: APP_INFO0006 : Openning new container 200078069 for the first harness part 
déc. 27, 2018 12:04:41 PM ui.UILog log
INFOS: BaseContainer created BaseContainer{id=77141, fifoTime=Thu Dec 27 12:04:41 WAT 2018, storedTime=null, palletNumber=200078069, harnessPart=455-6840, supplierPartNumber=47001206A, qtyExpected=1, qtyRead=1, containerState=OPEN, containerStateCode=1000, packType=EKARTON1, harnessType=PERKINS, ucsLifes=-1, ucsId=794, dispatchLabelNo=null, destination=, harnessList=[], harnessCounter=null, choosen_pack_type=null} 
déc. 27, 2018 12:04:41 PM ui.UILog log
INFOS: Daily output print directory [.\print\2018_12_27] already exist!
open_sheet sub directory [.\print\2018_12_27\open_sheet] already exist!
Print sub directory [.\print\2018_12_27\closing_sheet] already exist!
Print sub directory [.\print\2018_12_27\picking_label] already exist!
Print sub directory [.\print\2018_12_27\dispatch_label] already exist!

déc. 27, 2018 12:04:42 PM ui.UILog log
INFOS: Sending [.\print\2018_12_27\open_sheet\PartLabel_A5_455-6840_2018_12_27_12_04_42.pdf] to the default printer...
déc. 27, 2018 12:04:42 PM ui.UILog log
INFOS: File [.\print\2018_12_27\open_sheet\PartLabel_A5_455-6840_2018_12_27_12_04_42.pdf] has been printed.
déc. 27, 2018 12:04:42 PM ui.UILog log
INFOS: Daily output print directory [.\print\2018_12_27] already exist!
open_sheet sub directory [.\print\2018_12_27\open_sheet] already exist!
Print sub directory [.\print\2018_12_27\closing_sheet] already exist!
Print sub directory [.\print\2018_12_27\picking_label] already exist!
Print sub directory [.\print\2018_12_27\dispatch_label] already exist!

déc. 27, 2018 12:04:42 PM ui.UILog log
INFOS: Sending [.\print\2018_12_27\closing_sheet\PrintClosingPallet_A5_455-6840_2018_12_27_12_04_42.pdf] to the default printer...
déc. 27, 2018 12:04:42 PM ui.UILog log
INFOS: File [%s] has been printed.
déc. 27, 2018 12:06:41 PM ui.UILog log
INFOS: Searching Container [200078069] in BaseContainer.
déc. 27, 2018 12:06:41 PM ui.UILog log
INFOS: FROM BaseContainer bc WHERE bc.palletNumber = :palletNumber AND bc.containerState = :state
déc. 27, 2018 12:07:22 PM ui.UILog log
INFOS: APP_INFO0003 : User EZZIOURI Oussama / p connected to host WSMA7040 at 2018-12-27 12:07:22 Packaging warehouse interface : .
déc. 27, 2018 12:09:56 PM ui.UILog log
INFOS: FROM ConfigBarcode cb WHERE cb.keyWord = :keyWord ORDER BY id ASC
déc. 27, 2018 12:09:56 PM ui.UILog log
INFOS: FROM ConfigBarcode cb WHERE cb.keyWord = :keyWord ORDER BY id ASC
déc. 27, 2018 12:22:01 PM ui.UILog log
INFOS: APP_INFO0003 : User EZZIOURI Oussama / p connected to host WSMA7040 at 2018-12-27 12:22:01 Module : Configuration : .
déc. 27, 2018 12:29:09 PM ui.UILog log
INFOS: APP_INFO0003 : User EZZIOURI Oussama / p connected to host WSMA7040 at 2018-12-27 12:29:09 Module : Configuration : .
déc. 27, 2018 12:29:57 PM ui.UILog log
INFOS: APP_INFO0003 : User EZZIOURI Oussama / p connected to host WSMA7040 at 2018-12-27 12:29:57 Project : DUCATI.
déc. 27, 2018 12:29:57 PM ui.UILog log
INFOS: APP_CONFIG0002   : Chargement de la liste des formats QR dans la variable DATAMATRIX_PATTERN_LIST ...
déc. 27, 2018 12:29:57 PM ui.UILog log
INFOS: FROM ConfigBarcode cb WHERE cb.keyWord = :keyWord AND cb.harness_type = :harnessType ORDER BY id ASC
déc. 27, 2018 12:29:57 PM ui.UILog log
INFOS: ^[P]{1}\w{9}[;]{1}\d{2}[.]{1}\d{2}[.]{1}\d{4}[;]{1}\d{2}[:]{1}\d{2}[:]{1}\d{2}
^\w{9}[;]{1}\d{2}[.]{1}\d{2}[.]{1}\d{4}[;]{1}\d{2}[:]{1}\d{2}[:]{1}\d{2}
^\b{9}[;]{1}\d{2}[.]{1}\d{2}[.]{1}\d{4}[;]{1}\d{2}[:]{1}\d{2}[:]{1}\d{2}
^\w{9}[;]{1}\d{2}[:]{1}\d{2}[:]{1}\d{4}[;]{1}\d{2}[:]{1}\d{2}[:]{1}\d{2}

déc. 27, 2018 12:29:57 PM ui.UILog log
INFOS: APP_CONFIG0003   : 4 formats possible du QR pour le projet DUCATI ont été chargés avec succès !
déc. 27, 2018 12:29:57 PM ui.UILog log
INFOS: FROM ConfigBarcode cb WHERE cb.keyWord = :keyWord AND cb.harness_type = :harnessType ORDER BY id ASC
déc. 27, 2018 12:29:57 PM ui.UILog log
INFOS: ^[P]\w{9}
^\w{9}
^\b{9}

déc. 27, 2018 12:29:57 PM ui.UILog log
INFOS: APP_CONFIG0004   : 3 formats de référence possibles pour le projet DUCATI ont été chargés avec succès.
déc. 27, 2018 12:30:01 PM ui.UILog log
INFOS: Searching Harness part [5101F371B] in ConfigUCS: [DUCATI]
déc. 27, 2018 12:30:01 PM ui.UILog log
INFOS: APP_INFO0004 : Référence produit 5101F371B trouvée pour le projet [DUCATI].
déc. 27, 2018 12:30:01 PM ui.UILog log
INFOS: APP_INFO0005 : Référence produit correcte 5101F371B 
déc. 27, 2018 12:30:43 PM ui.UILog log
INFOS: Invalid Counter scanned format [5101F371B12300027122018]!
déc. 27, 2018 12:30:43 PM ui.UILog log
GRAVE: APP_ERR0009 : Format invalide du code QR [5101F371B12300027122018]!
déc. 27, 2018 12:30:45 PM ui.UILog log
GRAVE: APP_ERR0009 : Format invalide du code QR [5101F371B12300027122018]!
déc. 27, 2018 12:31:14 PM ui.UILog log
INFOS: Invalid Counter scanned format [P5101F371B12310027122018]!
déc. 27, 2018 12:31:14 PM ui.UILog log
GRAVE: APP_ERR0009 : Format invalide du code QR [P5101F371B12310027122018]!
déc. 27, 2018 12:31:15 PM ui.UILog log
GRAVE: APP_ERR0009 : Format invalide du code QR [P5101F371B12310027122018]!
déc. 27, 2018 12:31:19 PM ui.UILog log
INFOS: Invalid Counter scanned format [5101F371B12310027122018]!
déc. 27, 2018 12:31:19 PM ui.UILog log
GRAVE: APP_ERR0009 : Format invalide du code QR [5101F371B12310027122018]!
déc. 27, 2018 12:31:21 PM ui.UILog log
GRAVE: APP_ERR0009 : Format invalide du code QR [5101F371B12310027122018]!
déc. 27, 2018 12:32:11 PM ui.UILog log
INFOS: Invalid Counter scanned format [PP5101F371B12310027122018]!
déc. 27, 2018 12:32:11 PM ui.UILog log
GRAVE: APP_ERR0009 : Format invalide du code QR [PP5101F371B12310027122018]!
déc. 27, 2018 12:32:12 PM ui.UILog log
GRAVE: APP_ERR0009 : Format invalide du code QR [PP5101F371B12310027122018]!
déc. 27, 2018 1:32:27 PM ui.UILog log
INFOS: Searching Harness counter [5101F371B;15:11:2018;20:58:04] in BaseHarness.
déc. 27, 2018 1:32:27 PM ui.UILog log
INFOS: FROM BaseHarness bh WHERE bh.counter = :counter
déc. 27, 2018 1:32:27 PM ui.UILog log
INFOS: New harness to be added BaseHarness{harnessPart=null, counter=null}
déc. 27, 2018 1:32:35 PM ui.UILog log
INFOS: Daily output print directory [.\print\2018_12_27] already exist!
open_sheet sub directory [.\print\2018_12_27\open_sheet] already exist!
Print sub directory [.\print\2018_12_27\closing_sheet] already exist!
Print sub directory [.\print\2018_12_27\picking_label] already exist!
Print sub directory [.\print\2018_12_27\dispatch_label] already exist!

déc. 27, 2018 1:32:37 PM ui.UILog log
INFOS: Sending [.\print\2018_12_27\open_sheet\PrintOpenPallet_A5_2018_12_27_13_32_35_5101F371B_200078070.pdf] to the default printer...
déc. 27, 2018 1:32:38 PM ui.UILog log
INFOS: File [.\print\2018_12_27\open_sheet\PrintOpenPallet_A5_2018_12_27_13_32_35_5101F371B_200078070.pdf] has been printed.
déc. 27, 2018 1:32:38 PM ui.UILog log
INFOS: APP_INFO0006 : Openning new container 200078070 for the first harness part 
déc. 27, 2018 1:33:51 PM ui.UILog log
INFOS: BaseContainer created BaseContainer{id=77142, fifoTime=Thu Dec 27 13:33:51 WAT 2018, storedTime=null, palletNumber=200078070, harnessPart=5101F371B, supplierPartNumber=26F141103, qtyExpected=1, qtyRead=1, containerState=OPEN, containerStateCode=1000, packType=C11, harnessType=DUCATI, ucsLifes=1, ucsId=830, dispatchLabelNo=null, destination=, harnessList=[], harnessCounter=null, choosen_pack_type=null} 
déc. 27, 2018 1:33:51 PM ui.UILog log
INFOS: Daily output print directory [.\print\2018_12_27] already exist!
open_sheet sub directory [.\print\2018_12_27\open_sheet] already exist!
Print sub directory [.\print\2018_12_27\closing_sheet] already exist!
Print sub directory [.\print\2018_12_27\picking_label] already exist!
Print sub directory [.\print\2018_12_27\dispatch_label] already exist!

déc. 27, 2018 1:33:51 PM ui.UILog log
INFOS: Sending [.\print\2018_12_27\open_sheet\PartLabel_A5_5101F371B_2018_12_27_13_33_51.pdf] to the default printer...
déc. 27, 2018 1:33:51 PM ui.UILog log
INFOS: File [.\print\2018_12_27\open_sheet\PartLabel_A5_5101F371B_2018_12_27_13_33_51.pdf] has been printed.
déc. 27, 2018 1:33:51 PM ui.UILog log
INFOS: Daily output print directory [.\print\2018_12_27] already exist!
open_sheet sub directory [.\print\2018_12_27\open_sheet] already exist!
Print sub directory [.\print\2018_12_27\closing_sheet] already exist!
Print sub directory [.\print\2018_12_27\picking_label] already exist!
Print sub directory [.\print\2018_12_27\dispatch_label] already exist!

déc. 27, 2018 1:33:52 PM ui.UILog log
INFOS: Sending [.\print\2018_12_27\closing_sheet\PrintClosingPallet_A5_5101F371B_2018_12_27_13_33_51.pdf] to the default printer...
déc. 27, 2018 1:33:52 PM ui.UILog log
INFOS: File [%s] has been printed.
déc. 27, 2018 1:34:56 PM ui.UILog log
INFOS: Searching Container [200078070] in BaseContainer.
déc. 27, 2018 1:34:56 PM ui.UILog log
INFOS: FROM BaseContainer bc WHERE bc.palletNumber = :palletNumber AND bc.containerState = :state
déc. 27, 2018 1:35:20 PM ui.UILog log
INFOS: APP_INFO0003 : User EZZIOURI Oussama / p connected to host WSMA7040 at 2018-12-27 13:35:20 Dispatch interface : .
déc. 27, 2018 2:02:51 PM ui.UILog log
INFOS: File 2018_12_27.log already exists.

déc. 27, 2018 2:02:51 PM ui.UILog log
INFOS: Daily output print directory [.\print\2018_12_27] already exist!
open_sheet sub directory [.\print\2018_12_27\open_sheet] already exist!
Print sub directory [.\print\2018_12_27\closing_sheet] already exist!
Print sub directory [.\print\2018_12_27\picking_label] already exist!
Print sub directory [.\print\2018_12_27\dispatch_label] already exist!

déc. 27, 2018 4:58:59 PM ui.UILog log
INFOS: File 2018_12_27.log already exists.

déc. 27, 2018 4:58:59 PM ui.UILog log
INFOS: Daily output print directory [.\print\2018_12_27] already exist!
open_sheet sub directory [.\print\2018_12_27\open_sheet] already exist!
Print sub directory [.\print\2018_12_27\closing_sheet] already exist!
Print sub directory [.\print\2018_12_27\picking_label] already exist!
Print sub directory [.\print\2018_12_27\dispatch_label] already exist!

déc. 27, 2018 4:59:45 PM ui.UILog log
INFOS: APP_INFO0003 : User EZZIOURI Oussama / p connected to host WSMA7040 at 2018-12-27 16:59:45 Module : Configuration : .
déc. 27, 2018 5:00:31 PM ui.UILog log
INFOS: APP_INFO0003 : User Hamza BENTIKA / 17288 connected to host WSMA7040 at 2018-12-27 17:00:31 Dispatch interface : .
