déc. 25, 2018 8:51:21 PM ui.UILog log
INFOS: File 2018_12_25.log is created!

déc. 25, 2018 8:51:21 PM ui.UILog log
INFOS: Daily output print directory [.\print\2018_12_25] created !
open_sheet sub directory [.\print\2018_12_25\open_sheet] created !
Print sub directory [.\print\2018_12_25\closing_sheet] created !
Print sub directory [.\print\2018_12_25\picking_label] created !
Print sub directory [.\print\2018_12_25\dispatch_label] created !

déc. 25, 2018 8:51:48 PM ui.UILog log
INFOS: APP_INFO0003 : User EZZIOURI Oussama / p connected to host Oussama-PC at 2018-12-25 20:51:48 Packaging warehouse interface : .
déc. 25, 2018 8:52:47 PM ui.UILog log
INFOS: File 2018_12_25.log already exists.

déc. 25, 2018 8:52:47 PM ui.UILog log
INFOS: Daily output print directory [.\print\2018_12_25] already exist!
open_sheet sub directory [.\print\2018_12_25\open_sheet] already exist!
Print sub directory [.\print\2018_12_25\closing_sheet] already exist!
Print sub directory [.\print\2018_12_25\picking_label] already exist!
Print sub directory [.\print\2018_12_25\dispatch_label] already exist!

déc. 25, 2018 8:52:59 PM ui.UILog log
INFOS: APP_INFO0003 : User EZZIOURI Oussama / p connected to host Oussama-PC at 2018-12-25 20:52:59 Packaging warehouse interface : .
déc. 25, 2018 8:56:23 PM ui.UILog log
INFOS: File 2018_12_25.log already exists.

déc. 25, 2018 8:56:23 PM ui.UILog log
INFOS: Daily output print directory [.\print\2018_12_25] already exist!
open_sheet sub directory [.\print\2018_12_25\open_sheet] already exist!
Print sub directory [.\print\2018_12_25\closing_sheet] already exist!
Print sub directory [.\print\2018_12_25\picking_label] already exist!
Print sub directory [.\print\2018_12_25\dispatch_label] already exist!

déc. 25, 2018 8:56:50 PM ui.UILog log
INFOS: APP_INFO0003 : User EZZIOURI Oussama / p connected to host Oussama-PC at 2018-12-25 20:56:50 Packaging warehouse interface : .
déc. 25, 2018 8:58:15 PM ui.UILog log
INFOS: File 2018_12_25.log already exists.

déc. 25, 2018 8:58:15 PM ui.UILog log
INFOS: Daily output print directory [.\print\2018_12_25] already exist!
open_sheet sub directory [.\print\2018_12_25\open_sheet] already exist!
Print sub directory [.\print\2018_12_25\closing_sheet] already exist!
Print sub directory [.\print\2018_12_25\picking_label] already exist!
Print sub directory [.\print\2018_12_25\dispatch_label] already exist!

déc. 25, 2018 8:58:27 PM ui.UILog log
INFOS: APP_INFO0003 : User EZZIOURI Oussama / p connected to host Oussama-PC at 2018-12-25 20:58:27 Packaging warehouse interface : .
déc. 25, 2018 8:59:09 PM ui.UILog log
INFOS: File 2018_12_25.log already exists.

déc. 25, 2018 8:59:09 PM ui.UILog log
INFOS: Daily output print directory [.\print\2018_12_25] already exist!
open_sheet sub directory [.\print\2018_12_25\open_sheet] already exist!
Print sub directory [.\print\2018_12_25\closing_sheet] already exist!
Print sub directory [.\print\2018_12_25\picking_label] already exist!
Print sub directory [.\print\2018_12_25\dispatch_label] already exist!

déc. 25, 2018 8:59:18 PM ui.UILog log
INFOS: APP_INFO0003 : User EZZIOURI Oussama / p connected to host Oussama-PC at 2018-12-25 20:59:18 Packaging warehouse interface : .
déc. 25, 2018 9:00:31 PM ui.UILog log
INFOS: File 2018_12_25.log already exists.

déc. 25, 2018 9:00:31 PM ui.UILog log
INFOS: Daily output print directory [.\print\2018_12_25] already exist!
open_sheet sub directory [.\print\2018_12_25\open_sheet] already exist!
Print sub directory [.\print\2018_12_25\closing_sheet] already exist!
Print sub directory [.\print\2018_12_25\picking_label] already exist!
Print sub directory [.\print\2018_12_25\dispatch_label] already exist!

déc. 25, 2018 9:00:37 PM ui.UILog log
INFOS: APP_INFO0003 : User EZZIOURI Oussama / p connected to host Oussama-PC at 2018-12-25 21:00:37 Packaging warehouse interface : .
déc. 25, 2018 9:03:48 PM ui.UILog log
INFOS: File 2018_12_25.log already exists.

déc. 25, 2018 9:03:48 PM ui.UILog log
INFOS: Daily output print directory [.\print\2018_12_25] already exist!
open_sheet sub directory [.\print\2018_12_25\open_sheet] already exist!
Print sub directory [.\print\2018_12_25\closing_sheet] already exist!
Print sub directory [.\print\2018_12_25\picking_label] already exist!
Print sub directory [.\print\2018_12_25\dispatch_label] already exist!

déc. 25, 2018 9:04:00 PM ui.UILog log
INFOS: APP_INFO0003 : User EZZIOURI Oussama / p connected to host Oussama-PC at 2018-12-25 21:04:00 Packaging warehouse interface : .
déc. 25, 2018 9:05:57 PM ui.UILog log
INFOS: File 2018_12_25.log already exists.

déc. 25, 2018 9:05:57 PM ui.UILog log
INFOS: Daily output print directory [.\print\2018_12_25] already exist!
open_sheet sub directory [.\print\2018_12_25\open_sheet] already exist!
Print sub directory [.\print\2018_12_25\closing_sheet] already exist!
Print sub directory [.\print\2018_12_25\picking_label] already exist!
Print sub directory [.\print\2018_12_25\dispatch_label] already exist!

déc. 25, 2018 9:06:24 PM ui.UILog log
INFOS: APP_INFO0003 : User EZZIOURI Oussama / p connected to host Oussama-PC at 2018-12-25 21:06:24 Packaging warehouse interface : .
déc. 25, 2018 9:11:07 PM ui.UILog log
INFOS: File 2018_12_25.log already exists.

déc. 25, 2018 9:11:07 PM ui.UILog log
INFOS: Daily output print directory [.\print\2018_12_25] already exist!
open_sheet sub directory [.\print\2018_12_25\open_sheet] already exist!
Print sub directory [.\print\2018_12_25\closing_sheet] already exist!
Print sub directory [.\print\2018_12_25\picking_label] already exist!
Print sub directory [.\print\2018_12_25\dispatch_label] already exist!

déc. 25, 2018 9:11:18 PM ui.UILog log
INFOS: APP_INFO0003 : User EZZIOURI Oussama / p connected to host Oussama-PC at 2018-12-25 21:11:18 Packaging warehouse interface : .
déc. 25, 2018 9:12:13 PM ui.UILog log
INFOS: File 2018_12_25.log already exists.

déc. 25, 2018 9:12:13 PM ui.UILog log
INFOS: Daily output print directory [.\print\2018_12_25] already exist!
open_sheet sub directory [.\print\2018_12_25\open_sheet] already exist!
Print sub directory [.\print\2018_12_25\closing_sheet] already exist!
Print sub directory [.\print\2018_12_25\picking_label] already exist!
Print sub directory [.\print\2018_12_25\dispatch_label] already exist!

déc. 25, 2018 9:12:17 PM ui.UILog log
INFOS: APP_INFO0003 : User EZZIOURI Oussama / p connected to host Oussama-PC at 2018-12-25 21:12:17 Packaging warehouse interface : .
déc. 25, 2018 9:18:15 PM ui.UILog log
INFOS: File 2018_12_25.log already exists.

déc. 25, 2018 9:18:15 PM ui.UILog log
INFOS: Daily output print directory [.\print\2018_12_25] already exist!
open_sheet sub directory [.\print\2018_12_25\open_sheet] already exist!
Print sub directory [.\print\2018_12_25\closing_sheet] already exist!
Print sub directory [.\print\2018_12_25\picking_label] already exist!
Print sub directory [.\print\2018_12_25\dispatch_label] already exist!

déc. 25, 2018 9:18:43 PM ui.UILog log
INFOS: APP_INFO0003 : User EZZIOURI Oussama / p connected to host Oussama-PC at 2018-12-25 21:18:43 Module : Configuration : .
déc. 25, 2018 9:18:59 PM ui.UILog log
INFOS: APP_INFO0003 : User EZZIOURI Oussama / p connected to host Oussama-PC at 2018-12-25 21:18:59 Packaging warehouse interface : .
déc. 25, 2018 9:19:40 PM ui.UILog log
INFOS: APP_INFO0003 : User EZZIOURI Oussama / p connected to host Oussama-PC at 2018-12-25 21:19:40 Module : Configuration : .
déc. 25, 2018 9:19:45 PM ui.UILog log
INFOS: APP_INFO0003 : User EZZIOURI Oussama / p connected to host Oussama-PC at 2018-12-25 21:19:45 Packaging warehouse interface : .
déc. 25, 2018 9:20:18 PM ui.UILog log
INFOS: APP_INFO0003 : User EZZIOURI Oussama / p connected to host Oussama-PC at 2018-12-25 21:20:18 Module : Configuration : .
déc. 25, 2018 9:21:03 PM ui.UILog log
INFOS: APP_INFO0003 : User EZZIOURI Oussama / p connected to host Oussama-PC at 2018-12-25 21:21:03 Packaging warehouse interface : .
déc. 25, 2018 9:21:08 PM ui.UILog log
INFOS: APP_INFO0003 : User EZZIOURI Oussama / p connected to host Oussama-PC at 2018-12-25 21:21:08 Module : Configuration : .
déc. 25, 2018 9:21:18 PM ui.UILog log
INFOS: APP_INFO0003 : User EZZIOURI Oussama / p connected to host Oussama-PC at 2018-12-25 21:21:18 Packaging warehouse interface : .
déc. 25, 2018 9:21:26 PM ui.UILog log
INFOS: APP_INFO0003 : User EZZIOURI Oussama / p connected to host Oussama-PC at 2018-12-25 21:21:26 Module : Configuration : .
déc. 25, 2018 9:21:30 PM ui.UILog log
INFOS: APP_INFO0003 : User EZZIOURI Oussama / p connected to host Oussama-PC at 2018-12-25 21:21:30 Dispatch interface : .
déc. 25, 2018 9:21:35 PM ui.UILog log
INFOS: APP_INFO0003 : User EZZIOURI Oussama / p connected to host Oussama-PC at 2018-12-25 21:21:35 Module : Configuration : .
déc. 25, 2018 9:21:43 PM ui.UILog log
INFOS: File 2018_12_25.log already exists.

déc. 25, 2018 9:21:43 PM ui.UILog log
INFOS: Daily output print directory [.\print\2018_12_25] already exist!
open_sheet sub directory [.\print\2018_12_25\open_sheet] already exist!
Print sub directory [.\print\2018_12_25\closing_sheet] already exist!
Print sub directory [.\print\2018_12_25\picking_label] already exist!
Print sub directory [.\print\2018_12_25\dispatch_label] already exist!

déc. 25, 2018 9:21:57 PM ui.UILog log
INFOS: APP_INFO0003 : User EZZIOURI Oussama / p connected to host Oussama-PC at 2018-12-25 21:21:57 Module : Configuration : .
déc. 25, 2018 9:22:07 PM ui.UILog log
INFOS: APP_INFO0003 : User EZZIOURI Oussama / p connected to host Oussama-PC at 2018-12-25 21:22:07 Dispatch interface : .
déc. 25, 2018 9:22:36 PM ui.UILog log
INFOS: APP_INFO0003 : User EZZIOURI Oussama / p connected to host Oussama-PC at 2018-12-25 21:22:36 Packaging warehouse interface : .
déc. 25, 2018 9:24:49 PM ui.UILog log
INFOS: APP_INFO0003 : User EZZIOURI Oussama / p connected to host Oussama-PC at 2018-12-25 21:24:49 Module : Configuration : .
déc. 25, 2018 9:27:07 PM ui.UILog log
INFOS: File 2018_12_25.log already exists.

déc. 25, 2018 9:27:07 PM ui.UILog log
INFOS: Daily output print directory [.\print\2018_12_25] already exist!
open_sheet sub directory [.\print\2018_12_25\open_sheet] already exist!
Print sub directory [.\print\2018_12_25\closing_sheet] already exist!
Print sub directory [.\print\2018_12_25\picking_label] already exist!
Print sub directory [.\print\2018_12_25\dispatch_label] already exist!

déc. 25, 2018 9:27:18 PM ui.UILog log
INFOS: APP_INFO0003 : User EZZIOURI Oussama / p connected to host Oussama-PC at 2018-12-25 21:27:18 Module : Configuration : .
