nov. 11, 2018 7:45:58 PM ui.UILog log
INFOS: File 2018_11_11.log is created!

nov. 11, 2018 7:45:58 PM ui.UILog log
INFOS: Daily output print directory [.\print\2018_11_11] created !
open_sheet sub directory [.\print\2018_11_11\open_sheet] created !
Print sub directory [.\print\2018_11_11\closing_sheet] created !
Print sub directory [.\print\2018_11_11\picking_label] created !
Print sub directory [.\print\2018_11_11\dispatch_label] created !

nov. 11, 2018 7:46:45 PM ui.UILog log
INFOS: APP_INFO0003 : User EZZIOURI Oussama / p connected to host Oussama-PC at 2018-11-11 19:46:45 Module : Configuration : .
nov. 11, 2018 7:55:38 PM ui.UILog log
INFOS: File 2018_11_11.log already exists.

nov. 11, 2018 7:55:38 PM ui.UILog log
INFOS: Daily output print directory [.\print\2018_11_11] already exist!
open_sheet sub directory [.\print\2018_11_11\open_sheet] already exist!
Print sub directory [.\print\2018_11_11\closing_sheet] already exist!
Print sub directory [.\print\2018_11_11\picking_label] already exist!
Print sub directory [.\print\2018_11_11\dispatch_label] already exist!

nov. 11, 2018 7:56:01 PM ui.UILog log
INFOS: File 2018_11_11.log already exists.

nov. 11, 2018 7:56:01 PM ui.UILog log
INFOS: Daily output print directory [.\print\2018_11_11] already exist!
open_sheet sub directory [.\print\2018_11_11\open_sheet] already exist!
Print sub directory [.\print\2018_11_11\closing_sheet] already exist!
Print sub directory [.\print\2018_11_11\picking_label] already exist!
Print sub directory [.\print\2018_11_11\dispatch_label] already exist!

nov. 11, 2018 8:01:15 PM ui.UILog log
INFOS: APP_INFO0003 : User EZZIOURI Oussama / p connected to host Oussama-PC at 2018-11-11 20:01:15 Module : Configuration : .
nov. 11, 2018 8:53:02 PM ui.UILog log
INFOS: File 2018_11_11.log already exists.

nov. 11, 2018 8:53:02 PM ui.UILog log
INFOS: Daily output print directory [.\print\2018_11_11] already exist!
open_sheet sub directory [.\print\2018_11_11\open_sheet] already exist!
Print sub directory [.\print\2018_11_11\closing_sheet] already exist!
Print sub directory [.\print\2018_11_11\picking_label] already exist!
Print sub directory [.\print\2018_11_11\dispatch_label] already exist!

nov. 11, 2018 8:53:08 PM ui.UILog log
INFOS: APP_INFO0003 : User EZZIOURI Oussama / p connected to host Oussama-PC at 2018-11-11 20:53:08 Module : Configuration : .
nov. 11, 2018 9:02:02 PM ui.UILog log
INFOS: File 2018_11_11.log already exists.

nov. 11, 2018 9:02:02 PM ui.UILog log
INFOS: Daily output print directory [.\print\2018_11_11] already exist!
open_sheet sub directory [.\print\2018_11_11\open_sheet] already exist!
Print sub directory [.\print\2018_11_11\closing_sheet] already exist!
Print sub directory [.\print\2018_11_11\picking_label] already exist!
Print sub directory [.\print\2018_11_11\dispatch_label] already exist!

nov. 11, 2018 9:02:08 PM ui.UILog log
INFOS: APP_INFO0003 : User EZZIOURI Oussama / p connected to host Oussama-PC at 2018-11-11 21:02:08 Module : Configuration : .
nov. 11, 2018 9:09:04 PM ui.UILog log
INFOS: File 2018_11_11.log already exists.

nov. 11, 2018 9:09:04 PM ui.UILog log
INFOS: Daily output print directory [.\print\2018_11_11] already exist!
open_sheet sub directory [.\print\2018_11_11\open_sheet] already exist!
Print sub directory [.\print\2018_11_11\closing_sheet] already exist!
Print sub directory [.\print\2018_11_11\picking_label] already exist!
Print sub directory [.\print\2018_11_11\dispatch_label] already exist!

nov. 11, 2018 9:09:08 PM ui.UILog log
INFOS: APP_INFO0003 : User EZZIOURI Oussama / p connected to host Oussama-PC at 2018-11-11 21:09:08 Module : Configuration : .
nov. 11, 2018 9:11:20 PM ui.UILog log
INFOS: File 2018_11_11.log already exists.

nov. 11, 2018 9:11:20 PM ui.UILog log
INFOS: Daily output print directory [.\print\2018_11_11] already exist!
open_sheet sub directory [.\print\2018_11_11\open_sheet] already exist!
Print sub directory [.\print\2018_11_11\closing_sheet] already exist!
Print sub directory [.\print\2018_11_11\picking_label] already exist!
Print sub directory [.\print\2018_11_11\dispatch_label] already exist!

nov. 11, 2018 9:11:25 PM ui.UILog log
INFOS: APP_INFO0003 : User EZZIOURI Oussama / p connected to host Oussama-PC at 2018-11-11 21:11:25 Module : Configuration : .
nov. 11, 2018 9:13:50 PM ui.UILog log
INFOS: File 2018_11_11.log already exists.

nov. 11, 2018 9:13:50 PM ui.UILog log
INFOS: Daily output print directory [.\print\2018_11_11] already exist!
open_sheet sub directory [.\print\2018_11_11\open_sheet] already exist!
Print sub directory [.\print\2018_11_11\closing_sheet] already exist!
Print sub directory [.\print\2018_11_11\picking_label] already exist!
Print sub directory [.\print\2018_11_11\dispatch_label] already exist!

nov. 11, 2018 9:14:33 PM ui.UILog log
INFOS: APP_INFO0003 : User EZZIOURI Oussama / p connected to host Oussama-PC at 2018-11-11 21:14:33 Module : Configuration : .
nov. 11, 2018 9:16:15 PM ui.UILog log
INFOS: File 2018_11_11.log already exists.

nov. 11, 2018 9:16:16 PM ui.UILog log
INFOS: Daily output print directory [.\print\2018_11_11] already exist!
open_sheet sub directory [.\print\2018_11_11\open_sheet] already exist!
Print sub directory [.\print\2018_11_11\closing_sheet] already exist!
Print sub directory [.\print\2018_11_11\picking_label] already exist!
Print sub directory [.\print\2018_11_11\dispatch_label] already exist!

nov. 11, 2018 9:16:20 PM ui.UILog log
INFOS: APP_INFO0003 : User EZZIOURI Oussama / p connected to host Oussama-PC at 2018-11-11 21:16:20 Module : Configuration : .
nov. 11, 2018 9:17:03 PM ui.UILog log
INFOS: File 2018_11_11.log already exists.

nov. 11, 2018 9:17:03 PM ui.UILog log
INFOS: Daily output print directory [.\print\2018_11_11] already exist!
open_sheet sub directory [.\print\2018_11_11\open_sheet] already exist!
Print sub directory [.\print\2018_11_11\closing_sheet] already exist!
Print sub directory [.\print\2018_11_11\picking_label] already exist!
Print sub directory [.\print\2018_11_11\dispatch_label] already exist!

nov. 11, 2018 9:17:09 PM ui.UILog log
INFOS: APP_INFO0003 : User EZZIOURI Oussama / p connected to host Oussama-PC at 2018-11-11 21:17:09 Module : Configuration : .
nov. 11, 2018 9:18:50 PM ui.UILog log
INFOS: APP_INFO0003 : User EZZIOURI Oussama / p connected to host Oussama-PC at 2018-11-11 21:18:50 Project : HDEP.
nov. 11, 2018 9:18:50 PM ui.UILog log
INFOS: APP_CONFIG0002   : Chargement de la liste des formats QR dans la variable DATAMATRIX_PATTERN_LIST ...
nov. 11, 2018 9:18:50 PM ui.UILog log
INFOS: FROM ConfigBarcode cb WHERE cb.keyWord = :keyWord AND cb.harness_type = :harnessType ORDER BY id ASC
nov. 11, 2018 9:18:50 PM ui.UILog log
INFOS: ^[P]{1}\d{22}
^[P]{1}\d{10}[.]\d{2}[.]\d{4}[;]\d{2}[:]\d{2}[:]\d{2}
^[P]{1}\d{8}[;]\d{2}[.]\d{2}[.]\d{6}[:]\d{2}[:]\d{2}
^[P]{1}\d{8}[;]\d{2}[.]\d{2}[.]\d{4}[;]\d{2}[:]\d{2}[:]\d{2}
^[P]{1}\d{10}[.]\d{2}[.]\d{6}[:]\d{2}[:]\d{2}
^[P]{1}\d{8}[P]{1}\d{10}[A]{1}\d{17}
^[P]{1}\d{8}[P]{1}\d{4}[C]{1}\d{5}[C]{1}\d{17}
^[P]{1}\d{8}[P]{1}\d{4}[C]{1}\d{5}[A]{1}\d{14}
^[P]{1}\d{8}[P]{1}\d{4}[C]{1}\d{5}[A]{1}\d{13}
^[P]{1}\d{8}[P]{1}\d{4}[C]{1}\d{5}[A]{1}\d{16}
^[P]{1}\d{8}[P]{1}\d{4}[C]{1}\d{5}[A]{1}\d{18}
^[P]{1}\d{8}[P]{1}\d{4}[C]{1}\d{5}[A]{1}\d{12}
^[P]{1}\d{8}[P]{1}\d{4}[C]{1}\d{5}[A]{1}\d{17}
^[P]{1}\d{8}[P]{1}\d{4}[C]{1}\d{5}[A]{1}\d{15}
^[P]{1}\d{8}[P]{1}\d{19}
^[P]{1}\d{8}[P]{1}\d{4}[C]{1}\d{5}[A]{1}\d{19}
^[P]{1}\d{8}[C]{1}\d{19}
^[P]{1}\d{8}[P]{1}\d{4}[C]{1}\d{5}[B]{1}\d{17}
^[P]{1}\d{8}[C]{1}\d{4}[C]{1}\d{5}[A]{1}\d{17}
^[P]{1}\d{8}[P]{1}\d{4}[C]{1}\d{6}[A]{1}\d{17}
^\d{4}[C]{1}\d{3}[D]{1}[;]{1}\d{2}[.]{1}\d{2}[.]{1}\d{4}[;]{1}\d{2}[:]{1}\d{2}[:]{1}\d{2}
^[P]{1}\w{36}
^[P]{1}\w{37}
^[P]{1}\d{8}[X]{1}\d{4}[C]{1}\d{5}[A]{1}\d{17}

nov. 11, 2018 9:18:50 PM ui.UILog log
INFOS: APP_CONFIG0003   : 24 formats possible du QR pour le projet HDEP ont été chargés avec succès !
nov. 11, 2018 9:18:50 PM ui.UILog log
INFOS: FROM ConfigBarcode cb WHERE cb.keyWord = :keyWord AND cb.harness_type = :harnessType ORDER BY id ASC
nov. 11, 2018 9:18:50 PM ui.UILog log
INFOS: ^[P]\w{8}

nov. 11, 2018 9:18:50 PM ui.UILog log
INFOS: APP_CONFIG0004   : 1 formats de référence possibles pour le projet HDEP ont été chargés avec succès.
nov. 11, 2018 9:19:09 PM ui.UILog log
INFOS: Searching Harness part [22343365] in ConfigUCS: [HDEP]
nov. 11, 2018 9:19:09 PM ui.UILog log
INFOS: APP_INFO0004 : Référence produit 22343365 trouvée pour le projet [HDEP].
nov. 11, 2018 9:19:09 PM ui.UILog log
INFOS: APP_INFO0005 : Référence produit correcte P22343365 
nov. 11, 2018 9:19:19 PM ui.UILog log
INFOS: Invalid Counter scanned format [PP2234336520181111211900]!
nov. 11, 2018 9:19:19 PM ui.UILog log
GRAVE: APP_ERR0009 : Format invalide du code QR [PP2234336520181111211900]!
nov. 11, 2018 9:19:21 PM ui.UILog log
GRAVE: APP_ERR0009 : Format invalide du code QR [PP2234336520181111211900]!
nov. 11, 2018 9:19:23 PM ui.UILog log
INFOS: Searching Harness counter [P2234336520181111211900] in BaseHarness.
nov. 11, 2018 9:19:23 PM ui.UILog log
INFOS: FROM BaseHarness bh WHERE bh.counter = :counter
nov. 11, 2018 9:19:48 PM ui.UILog log
INFOS: Daily output print directory [.\print\2018_11_11] already exist!
open_sheet sub directory [.\print\2018_11_11\open_sheet] already exist!
Print sub directory [.\print\2018_11_11\closing_sheet] already exist!
Print sub directory [.\print\2018_11_11\picking_label] already exist!
Print sub directory [.\print\2018_11_11\dispatch_label] already exist!

nov. 11, 2018 9:19:50 PM ui.UILog log
INFOS: Sending [.\print\2018_11_11\open_sheet\PrintOpenPallet_A5_2018_11_11_21_19_49_22343365_200072976.pdf] to the default printer...
nov. 11, 2018 9:19:51 PM ui.UILog log
INFOS: File [.\print\2018_11_11\open_sheet\PrintOpenPallet_A5_2018_11_11_21_19_49_22343365_200072976.pdf] has been printed.
nov. 11, 2018 9:19:51 PM ui.UILog log
INFOS: APP_INFO0006 : Openning new container 200072976 for the first harness part 
nov. 11, 2018 9:19:57 PM ui.UILog log
INFOS: BaseContainer created BaseContainer{id=72111, fifoTime=Sun Nov 11 21:19:57 WAT 2018, storedTime=null, palletNumber=200072976, harnessPart=22343365, supplierPartNumber=26C35631F, qtyExpected=2, qtyRead=1, containerState=OPEN, containerStateCode=1000, packType=C9, harnessType=HDEP, ucsLifes=1, ucsId=777, dispatchLabelNo=null, destination=, harnessList=[], harnessCounter=null, choosen_pack_type=null} 
nov. 11, 2018 9:22:02 PM ui.UILog log
INFOS: File 2018_11_11.log already exists.

nov. 11, 2018 9:22:02 PM ui.UILog log
INFOS: Daily output print directory [.\print\2018_11_11] already exist!
open_sheet sub directory [.\print\2018_11_11\open_sheet] already exist!
Print sub directory [.\print\2018_11_11\closing_sheet] already exist!
Print sub directory [.\print\2018_11_11\picking_label] already exist!
Print sub directory [.\print\2018_11_11\dispatch_label] already exist!

nov. 11, 2018 9:22:08 PM ui.UILog log
INFOS: APP_INFO0003 : User EZZIOURI Oussama / p connected to host Oussama-PC at 2018-11-11 21:22:08 Module : Configuration : .
nov. 11, 2018 9:23:02 PM ui.UILog log
INFOS: APP_INFO0003 : User EZZIOURI Oussama / p connected to host Oussama-PC at 2018-11-11 21:23:02 Project : HDEP.
nov. 11, 2018 9:23:02 PM ui.UILog log
INFOS: APP_CONFIG0002   : Chargement de la liste des formats QR dans la variable DATAMATRIX_PATTERN_LIST ...
nov. 11, 2018 9:23:02 PM ui.UILog log
INFOS: FROM ConfigBarcode cb WHERE cb.keyWord = :keyWord AND cb.harness_type = :harnessType ORDER BY id ASC
nov. 11, 2018 9:23:02 PM ui.UILog log
INFOS: ^[P]{1}\d{22}
^[P]{1}\d{10}[.]\d{2}[.]\d{4}[;]\d{2}[:]\d{2}[:]\d{2}
^[P]{1}\d{8}[;]\d{2}[.]\d{2}[.]\d{6}[:]\d{2}[:]\d{2}
^[P]{1}\d{8}[;]\d{2}[.]\d{2}[.]\d{4}[;]\d{2}[:]\d{2}[:]\d{2}
^[P]{1}\d{10}[.]\d{2}[.]\d{6}[:]\d{2}[:]\d{2}
^[P]{1}\d{8}[P]{1}\d{10}[A]{1}\d{17}
^[P]{1}\d{8}[P]{1}\d{4}[C]{1}\d{5}[C]{1}\d{17}
^[P]{1}\d{8}[P]{1}\d{4}[C]{1}\d{5}[A]{1}\d{14}
^[P]{1}\d{8}[P]{1}\d{4}[C]{1}\d{5}[A]{1}\d{13}
^[P]{1}\d{8}[P]{1}\d{4}[C]{1}\d{5}[A]{1}\d{16}
^[P]{1}\d{8}[P]{1}\d{4}[C]{1}\d{5}[A]{1}\d{18}
^[P]{1}\d{8}[P]{1}\d{4}[C]{1}\d{5}[A]{1}\d{12}
^[P]{1}\d{8}[P]{1}\d{4}[C]{1}\d{5}[A]{1}\d{17}
^[P]{1}\d{8}[P]{1}\d{4}[C]{1}\d{5}[A]{1}\d{15}
^[P]{1}\d{8}[P]{1}\d{19}
^[P]{1}\d{8}[P]{1}\d{4}[C]{1}\d{5}[A]{1}\d{19}
^[P]{1}\d{8}[C]{1}\d{19}
^[P]{1}\d{8}[P]{1}\d{4}[C]{1}\d{5}[B]{1}\d{17}
^[P]{1}\d{8}[C]{1}\d{4}[C]{1}\d{5}[A]{1}\d{17}
^[P]{1}\d{8}[P]{1}\d{4}[C]{1}\d{6}[A]{1}\d{17}
^\d{4}[C]{1}\d{3}[D]{1}[;]{1}\d{2}[.]{1}\d{2}[.]{1}\d{4}[;]{1}\d{2}[:]{1}\d{2}[:]{1}\d{2}
^[P]{1}\w{36}
^[P]{1}\w{37}
^[P]{1}\d{8}[X]{1}\d{4}[C]{1}\d{5}[A]{1}\d{17}

nov. 11, 2018 9:23:02 PM ui.UILog log
INFOS: APP_CONFIG0003   : 24 formats possible du QR pour le projet HDEP ont été chargés avec succès !
nov. 11, 2018 9:23:02 PM ui.UILog log
INFOS: FROM ConfigBarcode cb WHERE cb.keyWord = :keyWord AND cb.harness_type = :harnessType ORDER BY id ASC
nov. 11, 2018 9:23:02 PM ui.UILog log
INFOS: ^[P]\w{8}

nov. 11, 2018 9:23:02 PM ui.UILog log
INFOS: APP_CONFIG0004   : 1 formats de référence possibles pour le projet HDEP ont été chargés avec succès.
nov. 11, 2018 9:23:14 PM ui.UILog log
INFOS: Searching Harness part [22343365] in ConfigUCS: [HDEP]
nov. 11, 2018 9:23:14 PM ui.UILog log
INFOS: APP_INFO0004 : Référence produit 22343365 trouvée pour le projet [HDEP].
nov. 11, 2018 9:23:14 PM ui.UILog log
INFOS: APP_INFO0005 : Référence produit correcte P22343365 
nov. 11, 2018 9:23:22 PM ui.UILog log
INFOS: Searching Harness counter [P2234336520181111212300] in BaseHarness.
nov. 11, 2018 9:23:22 PM ui.UILog log
INFOS: FROM BaseHarness bh WHERE bh.counter = :counter
nov. 11, 2018 9:23:28 PM ui.UILog log
GRAVE: APP_ERR0013 : Code à barre 12345678910 déjà scanné !
nov. 11, 2018 9:23:30 PM ui.UILog log
GRAVE: APP_ERR0013 : Code à barre 12345678910 déjà scanné !
nov. 11, 2018 9:23:42 PM ui.UILog log
GRAVE: APP_ERR0017 : Palette déjà ouverte pour la référence 22343365.
nov. 11, 2018 9:24:04 PM ui.UILog log
INFOS: Droping harness list...{0}
nov. 11, 2018 9:24:22 PM ui.UILog log
INFOS: Searching Harness part [22343365] in ConfigUCS: [HDEP]
nov. 11, 2018 9:24:22 PM ui.UILog log
INFOS: APP_INFO0004 : Référence produit 22343365 trouvée pour le projet [HDEP].
nov. 11, 2018 9:24:22 PM ui.UILog log
INFOS: APP_INFO0005 : Référence produit correcte P22343365 
nov. 11, 2018 9:24:25 PM ui.UILog log
INFOS: Searching Harness counter [P2234336520181111212300] in BaseHarness.
nov. 11, 2018 9:24:25 PM ui.UILog log
INFOS: FROM BaseHarness bh WHERE bh.counter = :counter
nov. 11, 2018 9:24:36 PM ui.UILog log
INFOS: Daily output print directory [.\print\2018_11_11] already exist!
open_sheet sub directory [.\print\2018_11_11\open_sheet] already exist!
Print sub directory [.\print\2018_11_11\closing_sheet] already exist!
Print sub directory [.\print\2018_11_11\picking_label] already exist!
Print sub directory [.\print\2018_11_11\dispatch_label] already exist!

nov. 11, 2018 9:24:37 PM ui.UILog log
INFOS: Sending [.\print\2018_11_11\open_sheet\PrintOpenPallet_A5_2018_11_11_21_24_36_22343365_200072977.pdf] to the default printer...
nov. 11, 2018 9:24:37 PM ui.UILog log
INFOS: File [.\print\2018_11_11\open_sheet\PrintOpenPallet_A5_2018_11_11_21_24_36_22343365_200072977.pdf] has been printed.
nov. 11, 2018 9:24:37 PM ui.UILog log
INFOS: APP_INFO0006 : Openning new container 200072977 for the first harness part 
nov. 11, 2018 9:24:47 PM ui.UILog log
INFOS: BaseContainer created BaseContainer{id=72112, fifoTime=Sun Nov 11 21:24:47 WAT 2018, storedTime=null, palletNumber=200072977, harnessPart=22343365, supplierPartNumber=26C35631F, qtyExpected=2, qtyRead=1, containerState=OPEN, containerStateCode=1000, packType=C9, harnessType=HDEP, ucsLifes=1, ucsId=777, dispatchLabelNo=null, destination=, harnessList=[], harnessCounter=null, choosen_pack_type=null} 
nov. 11, 2018 9:24:47 PM ui.UILog log
INFOS: Daily output print directory [.\print\2018_11_11] already exist!
open_sheet sub directory [.\print\2018_11_11\open_sheet] already exist!
Print sub directory [.\print\2018_11_11\closing_sheet] already exist!
Print sub directory [.\print\2018_11_11\picking_label] already exist!
Print sub directory [.\print\2018_11_11\dispatch_label] already exist!

nov. 11, 2018 9:24:49 PM ui.UILog log
INFOS: Sending [.\print\2018_11_11\open_sheet\PartLabel_A5_22343365_2018_11_11_21_24_47.pdf] to the default printer...
nov. 11, 2018 9:24:49 PM ui.UILog log
INFOS: File [.\print\2018_11_11\open_sheet\PartLabel_A5_22343365_2018_11_11_21_24_47.pdf] has been printed.
nov. 11, 2018 9:25:08 PM ui.UILog log
INFOS: Searching Harness part [22343365] in ConfigUCS: [HDEP]
nov. 11, 2018 9:25:08 PM ui.UILog log
INFOS: APP_INFO0004 : Référence produit 22343365 trouvée pour le projet [HDEP].
nov. 11, 2018 9:25:08 PM ui.UILog log
INFOS: APP_INFO0005 : Référence produit correcte P22343365 
nov. 11, 2018 9:25:10 PM ui.UILog log
INFOS: Searching Harness counter [P2234336520181111212301] in BaseHarness.
nov. 11, 2018 9:25:10 PM ui.UILog log
INFOS: FROM BaseHarness bh WHERE bh.counter = :counter
nov. 11, 2018 9:25:19 PM ui.UILog log
INFOS: Deletion  counters result 0 
nov. 11, 2018 9:25:19 PM ui.UILog log
INFOS: Daily output print directory [.\print\2018_11_11] already exist!
open_sheet sub directory [.\print\2018_11_11\open_sheet] already exist!
Print sub directory [.\print\2018_11_11\closing_sheet] already exist!
Print sub directory [.\print\2018_11_11\picking_label] already exist!
Print sub directory [.\print\2018_11_11\dispatch_label] already exist!

nov. 11, 2018 9:25:19 PM ui.UILog log
INFOS: Sending [.\print\2018_11_11\open_sheet\PartLabel_A5_22343365_2018_11_11_21_25_19.pdf] to the default printer...
nov. 11, 2018 9:25:19 PM ui.UILog log
INFOS: File [.\print\2018_11_11\open_sheet\PartLabel_A5_22343365_2018_11_11_21_25_19.pdf] has been printed.
nov. 11, 2018 9:25:19 PM ui.UILog log
INFOS: Quantité terminée BaseContainer{id=72112, fifoTime=Sun Nov 11 21:25:19 WAT 2018, storedTime=null, palletNumber=200072977, harnessPart=22343365, supplierPartNumber=26C35631F, qtyExpected=2, qtyRead=2, containerState=OPEN, containerStateCode=1000, packType=C9, harnessType=HDEP, ucsLifes=1, ucsId=777, dispatchLabelNo=null, destination=, harnessList=[BaseHarness{harnessPart=22343365, counter=P2234336520181111212300}, BaseHarness{harnessPart=P22343365, counter=P2234336520181111212301}], harnessCounter=null, choosen_pack_type=null}
nov. 11, 2018 9:25:19 PM ui.UILog log
INFOS: Daily output print directory [.\print\2018_11_11] already exist!
open_sheet sub directory [.\print\2018_11_11\open_sheet] already exist!
Print sub directory [.\print\2018_11_11\closing_sheet] already exist!
Print sub directory [.\print\2018_11_11\picking_label] already exist!
Print sub directory [.\print\2018_11_11\dispatch_label] already exist!

nov. 11, 2018 9:25:19 PM ui.UILog log
INFOS: Sending [.\print\2018_11_11\closing_sheet\PrintClosingPallet_A5_22343365_2018_11_11_21_25_19.pdf] to the default printer...
nov. 11, 2018 9:25:20 PM ui.UILog log
INFOS: File [%s] has been printed.
nov. 11, 2018 9:26:41 PM ui.UILog log
INFOS: Searching Harness part [22343365] in ConfigUCS: [HDEP]
nov. 11, 2018 9:26:41 PM ui.UILog log
INFOS: APP_INFO0004 : Référence produit 22343365 trouvée pour le projet [HDEP].
nov. 11, 2018 9:26:41 PM ui.UILog log
INFOS: APP_INFO0005 : Référence produit correcte P22343365 
nov. 11, 2018 9:26:49 PM ui.UILog log
INFOS: Invalid Counter scanned format [P22343365201811112212600]!
nov. 11, 2018 9:26:49 PM ui.UILog log
GRAVE: APP_ERR0009 : Format invalide du code QR [P22343365201811112212600]!
nov. 11, 2018 9:26:50 PM ui.UILog log
GRAVE: APP_ERR0009 : Format invalide du code QR [P22343365201811112212600]!
nov. 11, 2018 9:26:59 PM ui.UILog log
INFOS: Searching Harness counter [P2234336520181111212601] in BaseHarness.
nov. 11, 2018 9:26:59 PM ui.UILog log
INFOS: FROM BaseHarness bh WHERE bh.counter = :counter
nov. 11, 2018 9:27:03 PM ui.UILog log
GRAVE: APP_ERR0013 : Code à barre 12345678913 déjà scanné !
nov. 11, 2018 9:27:04 PM ui.UILog log
GRAVE: APP_ERR0013 : Code à barre 12345678913 déjà scanné !
nov. 11, 2018 9:27:24 PM ui.UILog log
INFOS: Daily output print directory [.\print\2018_11_11] already exist!
open_sheet sub directory [.\print\2018_11_11\open_sheet] already exist!
Print sub directory [.\print\2018_11_11\closing_sheet] already exist!
Print sub directory [.\print\2018_11_11\picking_label] already exist!
Print sub directory [.\print\2018_11_11\dispatch_label] already exist!

nov. 11, 2018 9:27:24 PM ui.UILog log
INFOS: Sending [.\print\2018_11_11\open_sheet\PrintOpenPallet_A5_2018_11_11_21_27_24_22343365_200072978.pdf] to the default printer...
nov. 11, 2018 9:27:24 PM ui.UILog log
INFOS: File [.\print\2018_11_11\open_sheet\PrintOpenPallet_A5_2018_11_11_21_27_24_22343365_200072978.pdf] has been printed.
nov. 11, 2018 9:27:25 PM ui.UILog log
INFOS: APP_INFO0006 : Openning new container 200072978 for the first harness part 
nov. 11, 2018 9:27:34 PM ui.UILog log
INFOS: BaseContainer created BaseContainer{id=72113, fifoTime=Sun Nov 11 21:27:34 WAT 2018, storedTime=null, palletNumber=200072978, harnessPart=22343365, supplierPartNumber=26C35631F, qtyExpected=1, qtyRead=1, containerState=OPEN, containerStateCode=1000, packType=1RV, harnessType=HDEP, ucsLifes=1, ucsId=778, dispatchLabelNo=null, destination=, harnessList=[], harnessCounter=null, choosen_pack_type=null} 
nov. 11, 2018 9:27:34 PM ui.UILog log
INFOS: Daily output print directory [.\print\2018_11_11] already exist!
open_sheet sub directory [.\print\2018_11_11\open_sheet] already exist!
Print sub directory [.\print\2018_11_11\closing_sheet] already exist!
Print sub directory [.\print\2018_11_11\picking_label] already exist!
Print sub directory [.\print\2018_11_11\dispatch_label] already exist!

nov. 11, 2018 9:27:35 PM ui.UILog log
INFOS: Sending [.\print\2018_11_11\closing_sheet\PrintClosingPallet_A5_22343365_2018_11_11_21_27_35.pdf] to the default printer...
nov. 11, 2018 9:27:35 PM ui.UILog log
INFOS: File [%s] has been printed.
